[0.018s] Invoking command in '/home/mitzi/ws_ros2/build/mavros_extras': AMENT_PREFIX_PATH=/home/mitzi/ws_ros2/install/mavros:/home/mitzi/ws_ros2/install/libmavconn:/home/mitzi/ws_ros2/install/mavros_msgs:${AMENT_PREFIX_PATH} CMAKE_PREFIX_PATH=/home/mitzi/ws_ros2/install/mavros:/home/mitzi/ws_ros2/install/libmavconn:/home/mitzi/ws_ros2/install/mavros_msgs:/home/mitzi/ws_ros2/install/mavlink:/home/mitzi/ros2_ws/install/simple_filter:/home/mitzi/ros2_ws/install/ros_environment:/home/mitzi/ros2_ws/install/robot_localization:/home/mitzi/ros2_ws/install/osrf_testing_tools_cpp:/home/mitzi/ros2_ws/install/neato2_gazebo:/home/mitzi/ros2_ws/install/neato2_interfaces:/home/mitzi/ros2_ws/install/fix_scan:/home/mitzi/ros2_ws/install/apriltag_ros:/home/mitzi/ros2_ws/install/apriltag_msgs:/home/mitzi/ros2_ws/install/apriltag:/home/mitzi/ros2_ws/install/warmup_project:/home/mitzi/ros2_ws/install/visual_odometry:/home/mitzi/ros2_ws/install/sample_node_architectures:/home/mitzi/ros2_ws/install/py_pysub:/home/mitzi/ros2_ws/install/osrf_pycommon:/home/mitzi/ros2_ws/install/neato_soccer:/home/mitzi/ros2_ws/install/neato_node2:/home/mitzi/ros2_ws/install/in_class_day04_solutions:/home/mitzi/ros2_ws/install/in_class_day03_solutions:/home/mitzi/ros2_ws/install/in_class_day03:/home/mitzi/ros2_ws/install/in_class_day02_solutions:/home/mitzi/ros2_ws/install/in_class_day02:/opt/ros/foxy:/opt/ros/noetic LD_LIBRARY_PATH=/home/mitzi/ws_ros2/install/mavros/lib:/home/mitzi/ws_ros2/install/libmavconn/lib:/home/mitzi/ws_ros2/install/mavros_msgs/lib:${LD_LIBRARY_PATH} PKG_CONFIG_PATH=/home/mitzi/ws_ros2/install/mavlink/lib/x86_64-linux-gnu/pkgconfig:/home/mitzi/ws_ros2/install/mavlink/lib/pkgconfig:${PKG_CONFIG_PATH} PYTHONPATH=/home/mitzi/ws_ros2/install/mavros/lib/python3.8/site-packages:/home/mitzi/ws_ros2/install/mavros_msgs/lib/python3.8/site-packages:${PYTHONPATH} /usr/bin/cmake /home/mitzi/ws_ros2/mavros/mavros_extras -DCMAKE_INSTALL_PREFIX=/home/mitzi/ws_ros2/install/mavros_extras
[0.065s] -- The C compiler identification is GNU 9.4.0
[0.113s] -- The CXX compiler identification is GNU 9.4.0
[0.118s] -- Check for working C compiler: /usr/lib/ccache/cc
[0.198s] -- Check for working C compiler: /usr/lib/ccache/cc -- works
[0.199s] -- Detecting C compiler ABI info
[0.276s] -- Detecting C compiler ABI info - done
[0.293s] -- Detecting C compile features
[0.294s] -- Detecting C compile features - done
[0.298s] -- Check for working CXX compiler: /usr/lib/ccache/c++
[0.372s] -- Check for working CXX compiler: /usr/lib/ccache/c++ -- works
[0.373s] -- Detecting CXX compiler ABI info
[0.426s] -- Detecting CXX compiler ABI info - done
[0.437s] -- Detecting CXX compile features
[0.437s] -- Detecting CXX compile features - done
[0.440s] -- Found ament_cmake: 0.9.9 (/opt/ros/foxy/share/ament_cmake/cmake)
[0.482s] -- Found PythonInterp: /usr/bin/python3 (found suitable version "3.8.10", minimum required is "3") 
[0.482s] -- Using PYTHON_EXECUTABLE: /usr/bin/python3
[0.711s] -- Found rclcpp: 2.4.1 (/opt/ros/foxy/share/rclcpp/cmake)
[0.757s] -- Using all available rosidl_typesupport_c: rosidl_typesupport_fastrtps_c;rosidl_typesupport_introspection_c
[0.765s] -- Found rosidl_adapter: 1.2.1 (/opt/ros/foxy/share/rosidl_adapter/cmake)
[0.834s] -- Found OpenSSL: /usr/lib/x86_64-linux-gnu/libcrypto.so (found version "1.1.1f")  
[0.858s] -- Found FastRTPS: /opt/ros/foxy/include  
[0.924s] -- Using all available rosidl_typesupport_cpp: rosidl_typesupport_fastrtps_cpp;rosidl_typesupport_introspection_cpp
[0.974s] -- Found rmw_implementation_cmake: 1.0.3 (/opt/ros/foxy/share/rmw_implementation_cmake/cmake)
[0.976s] -- Using RMW implementation 'rmw_fastrtps_cpp' as default
[0.977s] -- Looking for pthread.h
[1.040s] -- Looking for pthread.h - found
[1.040s] -- Performing Test CMAKE_HAVE_LIBC_PTHREAD
[1.111s] -- Performing Test CMAKE_HAVE_LIBC_PTHREAD - Failed
[1.111s] -- Looking for pthread_create in pthreads
[1.148s] -- Looking for pthread_create in pthreads - not found
[1.148s] -- Looking for pthread_create in pthread
[1.194s] -- Looking for pthread_create in pthread - found
[1.195s] -- Found Threads: TRUE  
[1.332s] -- Found rclcpp_components: 2.4.1 (/opt/ros/foxy/share/rclcpp_components/cmake)
[1.382s] -- Found pluginlib: 2.5.4 (/opt/ros/foxy/share/pluginlib/cmake)
[1.401s] -- Found message_filters: 3.2.5 (/opt/ros/foxy/share/message_filters/cmake)
[1.403s] -- Found mavros: 2.3.0 (/home/mitzi/ws_ros2/install/mavros/share/mavros/cmake)
[1.410s] -- Found libmavconn: 2.3.0 (/home/mitzi/ws_ros2/install/libmavconn/share/libmavconn/cmake)
[1.413s] -- Found Eigen3: TRUE (found version "3.3.7") 
[1.416s] -- Found yaml_cpp_vendor: 7.0.2 (/opt/ros/foxy/share/yaml_cpp_vendor/cmake)
[1.416s] -- Setting yaml-cpp_DIR to: '/opt/ros/foxy/share/yaml_cpp_vendor/cmake/../../../opt/yaml_cpp_vendor/lib/cmake/yaml-cpp'
[1.419s] -- Found GeographicLib: /usr/lib/x86_64-linux-gnu  
[1.421s] -- Found angles: 1.12.3 (/opt/ros/foxy/share/angles/cmake)
[1.423s] -- Found eigen_stl_containers: 1.0.0 (/opt/ros/foxy/share/eigen_stl_containers/cmake)
[1.426s] -- Found tf2_eigen: 0.13.13 (/opt/ros/foxy/share/tf2_eigen/cmake)
[1.690s] -- Found urdf: 2.4.0 (/opt/ros/foxy/share/urdf/cmake)
[1.726s] -- Found diagnostic_msgs: 2.0.5 (/opt/ros/foxy/share/diagnostic_msgs/cmake)
[1.754s] -- Found diagnostic_updater: 2.0.8 (/opt/ros/foxy/share/diagnostic_updater/cmake)
[1.771s] -- Found geographic_msgs: 1.0.4 (/opt/ros/foxy/share/geographic_msgs/cmake)
[1.839s] -- Found mavros_msgs: 2.3.0 (/home/mitzi/ws_ros2/install/mavros_msgs/share/mavros_msgs/cmake)
[2.129s] -- Found nav_msgs: 2.0.5 (/opt/ros/foxy/share/nav_msgs/cmake)
[2.187s] -- Found std_srvs: 2.0.5 (/opt/ros/foxy/share/std_srvs/cmake)
[2.196s] -- Found trajectory_msgs: 2.0.5 (/opt/ros/foxy/share/trajectory_msgs/cmake)
[2.256s] -- Found visualization_msgs: 2.0.5 (/opt/ros/foxy/share/visualization_msgs/cmake)
[2.347s] -- Found ament_cmake_gtest: 0.9.9 (/opt/ros/foxy/share/ament_cmake_gtest/cmake)
[2.349s] -- Found ament_cmake_gmock: 0.9.9 (/opt/ros/foxy/share/ament_cmake_gmock/cmake)
[2.351s] -- Found ament_lint_auto: 0.9.6 (/opt/ros/foxy/share/ament_lint_auto/cmake)
[2.463s] -- Added test 'cppcheck' to perform static code analysis on C / C++ code
[2.464s] -- Configured cppcheck include dirs: $<BUILD_INTERFACE:/home/mitzi/ws_ros2/mavros/mavros_extras/include>
[2.464s] -- Configured cppcheck exclude dirs and/or files: 
[2.466s] -- Added test 'cpplint' to check C / C++ code against the Google style
[2.466s] -- Configured cpplint exclude dirs and/or files: 
[2.467s] -- Added test 'lint_cmake' to check CMake code style
[2.469s] -- Added test 'uncrustify' to check C / C++ code style
[2.469s] -- Configured uncrustify additional arguments: 
[2.470s] -- Added test 'xmllint' to check XML markup files
[2.474s] -- Configuring done
[2.513s] -- Generating done
[2.514s] -- Build files have been written to: /home/mitzi/ws_ros2/build/mavros_extras
[2.523s] Invoked command in '/home/mitzi/ws_ros2/build/mavros_extras' returned '0': AMENT_PREFIX_PATH=/home/mitzi/ws_ros2/install/mavros:/home/mitzi/ws_ros2/install/libmavconn:/home/mitzi/ws_ros2/install/mavros_msgs:${AMENT_PREFIX_PATH} CMAKE_PREFIX_PATH=/home/mitzi/ws_ros2/install/mavros:/home/mitzi/ws_ros2/install/libmavconn:/home/mitzi/ws_ros2/install/mavros_msgs:/home/mitzi/ws_ros2/install/mavlink:/home/mitzi/ros2_ws/install/simple_filter:/home/mitzi/ros2_ws/install/ros_environment:/home/mitzi/ros2_ws/install/robot_localization:/home/mitzi/ros2_ws/install/osrf_testing_tools_cpp:/home/mitzi/ros2_ws/install/neato2_gazebo:/home/mitzi/ros2_ws/install/neato2_interfaces:/home/mitzi/ros2_ws/install/fix_scan:/home/mitzi/ros2_ws/install/apriltag_ros:/home/mitzi/ros2_ws/install/apriltag_msgs:/home/mitzi/ros2_ws/install/apriltag:/home/mitzi/ros2_ws/install/warmup_project:/home/mitzi/ros2_ws/install/visual_odometry:/home/mitzi/ros2_ws/install/sample_node_architectures:/home/mitzi/ros2_ws/install/py_pysub:/home/mitzi/ros2_ws/install/osrf_pycommon:/home/mitzi/ros2_ws/install/neato_soccer:/home/mitzi/ros2_ws/install/neato_node2:/home/mitzi/ros2_ws/install/in_class_day04_solutions:/home/mitzi/ros2_ws/install/in_class_day03_solutions:/home/mitzi/ros2_ws/install/in_class_day03:/home/mitzi/ros2_ws/install/in_class_day02_solutions:/home/mitzi/ros2_ws/install/in_class_day02:/opt/ros/foxy:/opt/ros/noetic LD_LIBRARY_PATH=/home/mitzi/ws_ros2/install/mavros/lib:/home/mitzi/ws_ros2/install/libmavconn/lib:/home/mitzi/ws_ros2/install/mavros_msgs/lib:${LD_LIBRARY_PATH} PKG_CONFIG_PATH=/home/mitzi/ws_ros2/install/mavlink/lib/x86_64-linux-gnu/pkgconfig:/home/mitzi/ws_ros2/install/mavlink/lib/pkgconfig:${PKG_CONFIG_PATH} PYTHONPATH=/home/mitzi/ws_ros2/install/mavros/lib/python3.8/site-packages:/home/mitzi/ws_ros2/install/mavros_msgs/lib/python3.8/site-packages:${PYTHONPATH} /usr/bin/cmake /home/mitzi/ws_ros2/mavros/mavros_extras -DCMAKE_INSTALL_PREFIX=/home/mitzi/ws_ros2/install/mavros_extras
[2.525s] Invoking command in '/home/mitzi/ws_ros2/build/mavros_extras': AMENT_PREFIX_PATH=/home/mitzi/ws_ros2/install/mavros:/home/mitzi/ws_ros2/install/libmavconn:/home/mitzi/ws_ros2/install/mavros_msgs:${AMENT_PREFIX_PATH} CMAKE_PREFIX_PATH=/home/mitzi/ws_ros2/install/mavros:/home/mitzi/ws_ros2/install/libmavconn:/home/mitzi/ws_ros2/install/mavros_msgs:/home/mitzi/ws_ros2/install/mavlink:/home/mitzi/ros2_ws/install/simple_filter:/home/mitzi/ros2_ws/install/ros_environment:/home/mitzi/ros2_ws/install/robot_localization:/home/mitzi/ros2_ws/install/osrf_testing_tools_cpp:/home/mitzi/ros2_ws/install/neato2_gazebo:/home/mitzi/ros2_ws/install/neato2_interfaces:/home/mitzi/ros2_ws/install/fix_scan:/home/mitzi/ros2_ws/install/apriltag_ros:/home/mitzi/ros2_ws/install/apriltag_msgs:/home/mitzi/ros2_ws/install/apriltag:/home/mitzi/ros2_ws/install/warmup_project:/home/mitzi/ros2_ws/install/visual_odometry:/home/mitzi/ros2_ws/install/sample_node_architectures:/home/mitzi/ros2_ws/install/py_pysub:/home/mitzi/ros2_ws/install/osrf_pycommon:/home/mitzi/ros2_ws/install/neato_soccer:/home/mitzi/ros2_ws/install/neato_node2:/home/mitzi/ros2_ws/install/in_class_day04_solutions:/home/mitzi/ros2_ws/install/in_class_day03_solutions:/home/mitzi/ros2_ws/install/in_class_day03:/home/mitzi/ros2_ws/install/in_class_day02_solutions:/home/mitzi/ros2_ws/install/in_class_day02:/opt/ros/foxy:/opt/ros/noetic LD_LIBRARY_PATH=/home/mitzi/ws_ros2/install/mavros/lib:/home/mitzi/ws_ros2/install/libmavconn/lib:/home/mitzi/ws_ros2/install/mavros_msgs/lib:${LD_LIBRARY_PATH} PKG_CONFIG_PATH=/home/mitzi/ws_ros2/install/mavlink/lib/x86_64-linux-gnu/pkgconfig:/home/mitzi/ws_ros2/install/mavlink/lib/pkgconfig:${PKG_CONFIG_PATH} PYTHONPATH=/home/mitzi/ws_ros2/install/mavros/lib/python3.8/site-packages:/home/mitzi/ws_ros2/install/mavros_msgs/lib/python3.8/site-packages:${PYTHONPATH} /usr/bin/cmake --build /home/mitzi/ws_ros2/build/mavros_extras -- -j12 -l12
[2.564s] [35m[1mScanning dependencies of target mavros_extras[0m
[2.564s] [35m[1mScanning dependencies of target servo_state_publisher[0m
[2.564s] [35m[1mScanning dependencies of target mavros_extras_plugins[0m
[2.595s] [  2%] [32mBuilding CXX object CMakeFiles/servo_state_publisher.dir/rclcpp_components/node_main_servo_state_publisher.cpp.o[0m
[2.600s] [  5%] [32mBuilding CXX object CMakeFiles/mavros_extras.dir/src/lib/servo_state_publisher.cpp.o[0m
[3.096s] [  7%] [32mBuilding CXX object CMakeFiles/mavros_extras_plugins.dir/src/plugins/cam_imu_sync.cpp.o[0m
[3.096s] [ 10%] [32mBuilding CXX object CMakeFiles/mavros_extras_plugins.dir/src/plugins/adsb.cpp.o[0m
[3.096s] [ 12%] [32mBuilding CXX object CMakeFiles/mavros_extras_plugins.dir/src/plugins/3dr_radio.cpp.o[0m
[3.101s] [ 17%] [32mBuilding CXX object CMakeFiles/mavros_extras_plugins.dir/src/plugins/cellular_status.cpp.o[0m
[3.101s] [ 17%] [32mBuilding CXX object CMakeFiles/mavros_extras_plugins.dir/src/plugins/camera.cpp.o[0m
[3.103s] [ 20%] [32mBuilding CXX object CMakeFiles/mavros_extras_plugins.dir/src/plugins/companion_process_status.cpp.o[0m
[3.105s] [ 25%] [32mBuilding CXX object CMakeFiles/mavros_extras_plugins.dir/src/plugins/distance_sensor.cpp.o[0m
[3.105s] [ 25%] [32mBuilding CXX object CMakeFiles/mavros_extras_plugins.dir/src/plugins/debug_value.cpp.o[0m
[3.106s] [ 27%] [32mBuilding CXX object CMakeFiles/mavros_extras_plugins.dir/src/plugins/esc_status.cpp.o[0m
[3.109s] [ 30%] [32mBuilding CXX object CMakeFiles/mavros_extras_plugins.dir/src/plugins/esc_telemetry.cpp.o[0m
[6.191s] [ 32%] [32m[1mLinking CXX executable servo_state_publisher[0m
[6.434s] [ 32%] Built target servo_state_publisher
[6.449s] [ 35%] [32mBuilding CXX object CMakeFiles/mavros_extras_plugins.dir/src/plugins/fake_gps.cpp.o[0m
[15.810s] [ 37%] [32m[1mLinking CXX shared library libmavros_extras.so[0m
[16.100s] [ 40%] [32mBuilding CXX object CMakeFiles/mavros_extras_plugins.dir/src/plugins/gps_input.cpp.o[0m
[16.448s] [ 42%] [32mBuilding CXX object CMakeFiles/mavros_extras_plugins.dir/src/plugins/gps_rtk.cpp.o[0m
[16.532s] [ 45%] [32mBuilding CXX object CMakeFiles/mavros_extras_plugins.dir/src/plugins/gps_status.cpp.o[0m
[16.608s] [ 45%] Built target mavros_extras
[16.624s] [ 47%] [32mBuilding CXX object CMakeFiles/mavros_extras_plugins.dir/src/plugins/guided_target.cpp.o[0m
[17.167s] [ 50%] [32mBuilding CXX object CMakeFiles/mavros_extras_plugins.dir/src/plugins/hil.cpp.o[0m
[18.253s] [ 52%] [32mBuilding CXX object CMakeFiles/mavros_extras_plugins.dir/src/plugins/landing_target.cpp.o[0m
[18.921s] [ 55%] [32mBuilding CXX object CMakeFiles/mavros_extras_plugins.dir/src/plugins/log_transfer.cpp.o[0m
[19.031s] [ 57%] [32mBuilding CXX object CMakeFiles/mavros_extras_plugins.dir/src/plugins/mag_calibration_status.cpp.o[0m
[19.557s] [ 60%] [32mBuilding CXX object CMakeFiles/mavros_extras_plugins.dir/src/plugins/mocap_pose_estimate.cpp.o[0m
[21.397s] [ 62%] [32mBuilding CXX object CMakeFiles/mavros_extras_plugins.dir/src/plugins/mount_control.cpp.o[0m
[24.305s] [ 65%] [32mBuilding CXX object CMakeFiles/mavros_extras_plugins.dir/src/plugins/obstacle_distance.cpp.o[0m
[30.314s] [ 67%] [32mBuilding CXX object CMakeFiles/mavros_extras_plugins.dir/src/plugins/odom.cpp.o[0m
[31.105s] [ 70%] [32mBuilding CXX object CMakeFiles/mavros_extras_plugins.dir/src/plugins/onboard_computer_status.cpp.o[0m
[32.177s] [ 72%] [32mBuilding CXX object CMakeFiles/mavros_extras_plugins.dir/src/plugins/play_tune.cpp.o[0m
[32.612s] [ 75%] [32mBuilding CXX object CMakeFiles/mavros_extras_plugins.dir/src/plugins/px4flow.cpp.o[0m
[33.822s] [ 77%] [32mBuilding CXX object CMakeFiles/mavros_extras_plugins.dir/src/plugins/rangefinder.cpp.o[0m
[34.850s] [ 80%] [32mBuilding CXX object CMakeFiles/mavros_extras_plugins.dir/src/plugins/terrain.cpp.o[0m
[37.424s] [ 82%] [32mBuilding CXX object CMakeFiles/mavros_extras_plugins.dir/src/plugins/trajectory.cpp.o[0m
[39.972s] [ 85%] [32mBuilding CXX object CMakeFiles/mavros_extras_plugins.dir/src/plugins/tunnel.cpp.o[0m
[40.331s] [ 87%] [32mBuilding CXX object CMakeFiles/mavros_extras_plugins.dir/src/plugins/vfr_hud.cpp.o[0m
[42.013s] [ 90%] [32mBuilding CXX object CMakeFiles/mavros_extras_plugins.dir/src/plugins/vibration.cpp.o[0m
[43.792s] [ 92%] [32mBuilding CXX object CMakeFiles/mavros_extras_plugins.dir/src/plugins/vision_pose_estimate.cpp.o[0m
[45.505s] [ 95%] [32mBuilding CXX object CMakeFiles/mavros_extras_plugins.dir/src/plugins/vision_speed_estimate.cpp.o[0m
[46.172s] [ 97%] [32mBuilding CXX object CMakeFiles/mavros_extras_plugins.dir/src/plugins/wheel_odometry.cpp.o[0m
[61.037s] [100%] [32m[1mLinking CXX shared library libmavros_extras_plugins.so[0m
[69.613s] [100%] Built target mavros_extras_plugins
[69.623s] Invoked command in '/home/mitzi/ws_ros2/build/mavros_extras' returned '0': AMENT_PREFIX_PATH=/home/mitzi/ws_ros2/install/mavros:/home/mitzi/ws_ros2/install/libmavconn:/home/mitzi/ws_ros2/install/mavros_msgs:${AMENT_PREFIX_PATH} CMAKE_PREFIX_PATH=/home/mitzi/ws_ros2/install/mavros:/home/mitzi/ws_ros2/install/libmavconn:/home/mitzi/ws_ros2/install/mavros_msgs:/home/mitzi/ws_ros2/install/mavlink:/home/mitzi/ros2_ws/install/simple_filter:/home/mitzi/ros2_ws/install/ros_environment:/home/mitzi/ros2_ws/install/robot_localization:/home/mitzi/ros2_ws/install/osrf_testing_tools_cpp:/home/mitzi/ros2_ws/install/neato2_gazebo:/home/mitzi/ros2_ws/install/neato2_interfaces:/home/mitzi/ros2_ws/install/fix_scan:/home/mitzi/ros2_ws/install/apriltag_ros:/home/mitzi/ros2_ws/install/apriltag_msgs:/home/mitzi/ros2_ws/install/apriltag:/home/mitzi/ros2_ws/install/warmup_project:/home/mitzi/ros2_ws/install/visual_odometry:/home/mitzi/ros2_ws/install/sample_node_architectures:/home/mitzi/ros2_ws/install/py_pysub:/home/mitzi/ros2_ws/install/osrf_pycommon:/home/mitzi/ros2_ws/install/neato_soccer:/home/mitzi/ros2_ws/install/neato_node2:/home/mitzi/ros2_ws/install/in_class_day04_solutions:/home/mitzi/ros2_ws/install/in_class_day03_solutions:/home/mitzi/ros2_ws/install/in_class_day03:/home/mitzi/ros2_ws/install/in_class_day02_solutions:/home/mitzi/ros2_ws/install/in_class_day02:/opt/ros/foxy:/opt/ros/noetic LD_LIBRARY_PATH=/home/mitzi/ws_ros2/install/mavros/lib:/home/mitzi/ws_ros2/install/libmavconn/lib:/home/mitzi/ws_ros2/install/mavros_msgs/lib:${LD_LIBRARY_PATH} PKG_CONFIG_PATH=/home/mitzi/ws_ros2/install/mavlink/lib/x86_64-linux-gnu/pkgconfig:/home/mitzi/ws_ros2/install/mavlink/lib/pkgconfig:${PKG_CONFIG_PATH} PYTHONPATH=/home/mitzi/ws_ros2/install/mavros/lib/python3.8/site-packages:/home/mitzi/ws_ros2/install/mavros_msgs/lib/python3.8/site-packages:${PYTHONPATH} /usr/bin/cmake --build /home/mitzi/ws_ros2/build/mavros_extras -- -j12 -l12
[69.702s] Invoking command in '/home/mitzi/ws_ros2/build/mavros_extras': AMENT_PREFIX_PATH=/home/mitzi/ws_ros2/install/mavros:/home/mitzi/ws_ros2/install/libmavconn:/home/mitzi/ws_ros2/install/mavros_msgs:${AMENT_PREFIX_PATH} CMAKE_PREFIX_PATH=/home/mitzi/ws_ros2/install/mavros:/home/mitzi/ws_ros2/install/libmavconn:/home/mitzi/ws_ros2/install/mavros_msgs:/home/mitzi/ws_ros2/install/mavlink:/home/mitzi/ros2_ws/install/simple_filter:/home/mitzi/ros2_ws/install/ros_environment:/home/mitzi/ros2_ws/install/robot_localization:/home/mitzi/ros2_ws/install/osrf_testing_tools_cpp:/home/mitzi/ros2_ws/install/neato2_gazebo:/home/mitzi/ros2_ws/install/neato2_interfaces:/home/mitzi/ros2_ws/install/fix_scan:/home/mitzi/ros2_ws/install/apriltag_ros:/home/mitzi/ros2_ws/install/apriltag_msgs:/home/mitzi/ros2_ws/install/apriltag:/home/mitzi/ros2_ws/install/warmup_project:/home/mitzi/ros2_ws/install/visual_odometry:/home/mitzi/ros2_ws/install/sample_node_architectures:/home/mitzi/ros2_ws/install/py_pysub:/home/mitzi/ros2_ws/install/osrf_pycommon:/home/mitzi/ros2_ws/install/neato_soccer:/home/mitzi/ros2_ws/install/neato_node2:/home/mitzi/ros2_ws/install/in_class_day04_solutions:/home/mitzi/ros2_ws/install/in_class_day03_solutions:/home/mitzi/ros2_ws/install/in_class_day03:/home/mitzi/ros2_ws/install/in_class_day02_solutions:/home/mitzi/ros2_ws/install/in_class_day02:/opt/ros/foxy:/opt/ros/noetic LD_LIBRARY_PATH=/home/mitzi/ws_ros2/install/mavros/lib:/home/mitzi/ws_ros2/install/libmavconn/lib:/home/mitzi/ws_ros2/install/mavros_msgs/lib:${LD_LIBRARY_PATH} PKG_CONFIG_PATH=/home/mitzi/ws_ros2/install/mavlink/lib/x86_64-linux-gnu/pkgconfig:/home/mitzi/ws_ros2/install/mavlink/lib/pkgconfig:${PKG_CONFIG_PATH} PYTHONPATH=/home/mitzi/ws_ros2/install/mavros/lib/python3.8/site-packages:/home/mitzi/ws_ros2/install/mavros_msgs/lib/python3.8/site-packages:${PYTHONPATH} /usr/bin/cmake --install /home/mitzi/ws_ros2/build/mavros_extras
[69.710s] -- Install configuration: ""
[69.710s] -- Installing: /home/mitzi/ws_ros2/install/mavros_extras/share/mavros_extras/mavros_plugins.xml
[69.710s] -- Installing: /home/mitzi/ws_ros2/install/mavros_extras/lib/mavros_extras/servo_state_publisher
[69.710s] -- Set runtime path of "/home/mitzi/ws_ros2/install/mavros_extras/lib/mavros_extras/servo_state_publisher" to ""
[69.711s] -- Installing: /home/mitzi/ws_ros2/install/mavros_extras/lib/libmavros_extras.so
[69.715s] -- Set runtime path of "/home/mitzi/ws_ros2/install/mavros_extras/lib/libmavros_extras.so" to ""
[69.715s] -- Installing: /home/mitzi/ws_ros2/install/mavros_extras/lib/libmavros_extras_plugins.so
[69.767s] -- Set runtime path of "/home/mitzi/ws_ros2/install/mavros_extras/lib/libmavros_extras_plugins.so" to ""
[69.767s] -- Installing: /home/mitzi/ws_ros2/install/mavros_extras/include
[69.767s] -- Installing: /home/mitzi/ws_ros2/install/mavros_extras/include/mavros_extras
[69.767s] -- Installing: /home/mitzi/ws_ros2/install/mavros_extras/include/mavros_extras/servo_state_publisher.hpp
[69.767s] -- Installing: /home/mitzi/ws_ros2/install/mavros_extras/share/mavros_extras/launch
[69.767s] -- Installing: /home/mitzi/ws_ros2/install/mavros_extras/share/mavros_extras/launch/servo_state_publisher.yaml
[69.767s] -- Installing: /home/mitzi/ws_ros2/install/mavros_extras/share/mavros_extras/launch/px4flow_pluginlists.yaml
[69.767s] -- Installing: /home/mitzi/ws_ros2/install/mavros_extras/share/mavros_extras/launch/px4flow.launch
[69.768s] -- Installing: /home/mitzi/ws_ros2/install/mavros_extras/share/mavros_extras/launch/px4flow_config.yaml
[69.768s] -- Installing: /home/mitzi/ws_ros2/install/mavros_extras/share/mavros_extras/environment/library_path.sh
[69.768s] -- Installing: /home/mitzi/ws_ros2/install/mavros_extras/share/mavros_extras/environment/library_path.dsv
[69.768s] -- Installing: /home/mitzi/ws_ros2/install/mavros_extras/share/ament_index/resource_index/package_run_dependencies/mavros_extras
[69.768s] -- Installing: /home/mitzi/ws_ros2/install/mavros_extras/share/ament_index/resource_index/parent_prefix_path/mavros_extras
[69.768s] -- Installing: /home/mitzi/ws_ros2/install/mavros_extras/share/mavros_extras/environment/ament_prefix_path.sh
[69.768s] -- Installing: /home/mitzi/ws_ros2/install/mavros_extras/share/mavros_extras/environment/ament_prefix_path.dsv
[69.768s] -- Installing: /home/mitzi/ws_ros2/install/mavros_extras/share/mavros_extras/environment/path.sh
[69.768s] -- Installing: /home/mitzi/ws_ros2/install/mavros_extras/share/mavros_extras/environment/path.dsv
[69.768s] -- Installing: /home/mitzi/ws_ros2/install/mavros_extras/share/mavros_extras/local_setup.bash
[69.768s] -- Installing: /home/mitzi/ws_ros2/install/mavros_extras/share/mavros_extras/local_setup.sh
[69.769s] -- Installing: /home/mitzi/ws_ros2/install/mavros_extras/share/mavros_extras/local_setup.zsh
[69.769s] -- Installing: /home/mitzi/ws_ros2/install/mavros_extras/share/mavros_extras/local_setup.dsv
[69.769s] -- Installing: /home/mitzi/ws_ros2/install/mavros_extras/share/mavros_extras/package.dsv
[69.769s] -- Installing: /home/mitzi/ws_ros2/install/mavros_extras/share/ament_index/resource_index/packages/mavros_extras
[69.769s] -- Installing: /home/mitzi/ws_ros2/install/mavros_extras/share/ament_index/resource_index/mavros__pluginlib__plugin/mavros_extras
[69.769s] -- Installing: /home/mitzi/ws_ros2/install/mavros_extras/share/ament_index/resource_index/rclcpp_components/mavros_extras
[69.769s] -- Installing: /home/mitzi/ws_ros2/install/mavros_extras/share/mavros_extras/cmake/ament_cmake_export_include_directories-extras.cmake
[69.769s] -- Installing: /home/mitzi/ws_ros2/install/mavros_extras/share/mavros_extras/cmake/ament_cmake_export_libraries-extras.cmake
[69.769s] -- Installing: /home/mitzi/ws_ros2/install/mavros_extras/share/mavros_extras/cmake/ament_cmake_export_dependencies-extras.cmake
[69.769s] -- Installing: /home/mitzi/ws_ros2/install/mavros_extras/share/mavros_extras/cmake/mavros_extrasConfig.cmake
[69.769s] -- Installing: /home/mitzi/ws_ros2/install/mavros_extras/share/mavros_extras/cmake/mavros_extrasConfig-version.cmake
[69.769s] -- Installing: /home/mitzi/ws_ros2/install/mavros_extras/share/mavros_extras/package.xml
[69.774s] Invoked command in '/home/mitzi/ws_ros2/build/mavros_extras' returned '0': AMENT_PREFIX_PATH=/home/mitzi/ws_ros2/install/mavros:/home/mitzi/ws_ros2/install/libmavconn:/home/mitzi/ws_ros2/install/mavros_msgs:${AMENT_PREFIX_PATH} CMAKE_PREFIX_PATH=/home/mitzi/ws_ros2/install/mavros:/home/mitzi/ws_ros2/install/libmavconn:/home/mitzi/ws_ros2/install/mavros_msgs:/home/mitzi/ws_ros2/install/mavlink:/home/mitzi/ros2_ws/install/simple_filter:/home/mitzi/ros2_ws/install/ros_environment:/home/mitzi/ros2_ws/install/robot_localization:/home/mitzi/ros2_ws/install/osrf_testing_tools_cpp:/home/mitzi/ros2_ws/install/neato2_gazebo:/home/mitzi/ros2_ws/install/neato2_interfaces:/home/mitzi/ros2_ws/install/fix_scan:/home/mitzi/ros2_ws/install/apriltag_ros:/home/mitzi/ros2_ws/install/apriltag_msgs:/home/mitzi/ros2_ws/install/apriltag:/home/mitzi/ros2_ws/install/warmup_project:/home/mitzi/ros2_ws/install/visual_odometry:/home/mitzi/ros2_ws/install/sample_node_architectures:/home/mitzi/ros2_ws/install/py_pysub:/home/mitzi/ros2_ws/install/osrf_pycommon:/home/mitzi/ros2_ws/install/neato_soccer:/home/mitzi/ros2_ws/install/neato_node2:/home/mitzi/ros2_ws/install/in_class_day04_solutions:/home/mitzi/ros2_ws/install/in_class_day03_solutions:/home/mitzi/ros2_ws/install/in_class_day03:/home/mitzi/ros2_ws/install/in_class_day02_solutions:/home/mitzi/ros2_ws/install/in_class_day02:/opt/ros/foxy:/opt/ros/noetic LD_LIBRARY_PATH=/home/mitzi/ws_ros2/install/mavros/lib:/home/mitzi/ws_ros2/install/libmavconn/lib:/home/mitzi/ws_ros2/install/mavros_msgs/lib:${LD_LIBRARY_PATH} PKG_CONFIG_PATH=/home/mitzi/ws_ros2/install/mavlink/lib/x86_64-linux-gnu/pkgconfig:/home/mitzi/ws_ros2/install/mavlink/lib/pkgconfig:${PKG_CONFIG_PATH} PYTHONPATH=/home/mitzi/ws_ros2/install/mavros/lib/python3.8/site-packages:/home/mitzi/ws_ros2/install/mavros_msgs/lib/python3.8/site-packages:${PYTHONPATH} /usr/bin/cmake --install /home/mitzi/ws_ros2/build/mavros_extras
