[0.010s] Invoking command in '/home/mitzi/ws_ros2/build/libmavconn': CMAKE_PREFIX_PATH=/home/mitzi/ws_ros2/install/mavlink:/home/mitzi/ros2_ws/install/simple_filter:/home/mitzi/ros2_ws/install/ros_environment:/home/mitzi/ros2_ws/install/robot_localization:/home/mitzi/ros2_ws/install/osrf_testing_tools_cpp:/home/mitzi/ros2_ws/install/neato2_gazebo:/home/mitzi/ros2_ws/install/neato2_interfaces:/home/mitzi/ros2_ws/install/fix_scan:/home/mitzi/ros2_ws/install/apriltag_ros:/home/mitzi/ros2_ws/install/apriltag_msgs:/home/mitzi/ros2_ws/install/apriltag:/home/mitzi/ros2_ws/install/warmup_project:/home/mitzi/ros2_ws/install/visual_odometry:/home/mitzi/ros2_ws/install/sample_node_architectures:/home/mitzi/ros2_ws/install/py_pysub:/home/mitzi/ros2_ws/install/osrf_pycommon:/home/mitzi/ros2_ws/install/neato_soccer:/home/mitzi/ros2_ws/install/neato_node2:/home/mitzi/ros2_ws/install/in_class_day04_solutions:/home/mitzi/ros2_ws/install/in_class_day03_solutions:/home/mitzi/ros2_ws/install/in_class_day03:/home/mitzi/ros2_ws/install/in_class_day02_solutions:/home/mitzi/ros2_ws/install/in_class_day02:/opt/ros/foxy:/opt/ros/noetic PKG_CONFIG_PATH=/home/mitzi/ws_ros2/install/mavlink/lib/x86_64-linux-gnu/pkgconfig:/home/mitzi/ws_ros2/install/mavlink/lib/pkgconfig:${PKG_CONFIG_PATH} /usr/bin/cmake /home/mitzi/ws_ros2/mavros/libmavconn -DCMAKE_INSTALL_PREFIX=/home/mitzi/ws_ros2/install/libmavconn
[0.048s] -- The C compiler identification is GNU 9.4.0
[0.087s] -- The CXX compiler identification is GNU 9.4.0
[0.091s] -- Check for working C compiler: /usr/lib/ccache/cc
[0.143s] -- Check for working C compiler: /usr/lib/ccache/cc -- works
[0.144s] -- Detecting C compiler ABI info
[0.181s] -- Detecting C compiler ABI info - done
[0.190s] -- Detecting C compile features
[0.190s] -- Detecting C compile features - done
[0.192s] -- Check for working CXX compiler: /usr/lib/ccache/c++
[0.252s] -- Check for working CXX compiler: /usr/lib/ccache/c++ -- works
[0.252s] -- Detecting CXX compiler ABI info
[0.298s] -- Detecting CXX compiler ABI info - done
[0.314s] -- Detecting CXX compile features
[0.314s] -- Detecting CXX compile features - done
[0.317s] -- Found ament_cmake: 0.9.9 (/opt/ros/foxy/share/ament_cmake/cmake)
[0.350s] -- Found PythonInterp: /usr/bin/python3 (found suitable version "3.8.10", minimum required is "3") 
[0.350s] -- Using PYTHON_EXECUTABLE: /usr/bin/python3
[0.568s] -- Found ASIO: /usr/include  
[0.748s] -- Found Python3: /usr/bin/python3.8 (found version "3.8.10") found components: Interpreter 
[0.827s] -- Copy mavlink_dialect.hpp to source tree
[0.829s] -- Found ament_cmake_gtest: 0.9.9 (/opt/ros/foxy/share/ament_cmake_gtest/cmake)
[0.831s] -- Found ament_lint_auto: 0.9.6 (/opt/ros/foxy/share/ament_lint_auto/cmake)
[0.908s] -- Found gtest sources under '/opt/ros/foxy/src/gtest_vendor': C++ tests using 'Google Test' will be built
[0.909s] -- Looking for pthread.h
[0.968s] -- Looking for pthread.h - found
[0.968s] -- Performing Test CMAKE_HAVE_LIBC_PTHREAD
[1.027s] -- Performing Test CMAKE_HAVE_LIBC_PTHREAD - Failed
[1.027s] -- Check if compiler accepts -pthread
[1.066s] -- Check if compiler accepts -pthread - yes
[1.067s] -- Found Threads: TRUE  
[1.072s] -- Added test 'cppcheck' to perform static code analysis on C / C++ code
[1.072s] -- Configured cppcheck include dirs: /home/mitzi/ws_ros2/mavros/libmavconn/include
[1.072s] -- Configured cppcheck exclude dirs and/or files: 
[1.073s] -- Added test 'cpplint' to check C / C++ code against the Google style
[1.074s] -- Configured cpplint exclude dirs and/or files: 
[1.074s] -- Added test 'lint_cmake' to check CMake code style
[1.075s] -- Added test 'uncrustify' to check C / C++ code style
[1.075s] -- Configured uncrustify additional arguments: 
[1.076s] -- Added test 'xmllint' to check XML markup files
[1.079s] -- Configuring done
[1.084s] -- Generating done
[1.085s] -- Build files have been written to: /home/mitzi/ws_ros2/build/libmavconn
[1.088s] Invoked command in '/home/mitzi/ws_ros2/build/libmavconn' returned '0': CMAKE_PREFIX_PATH=/home/mitzi/ws_ros2/install/mavlink:/home/mitzi/ros2_ws/install/simple_filter:/home/mitzi/ros2_ws/install/ros_environment:/home/mitzi/ros2_ws/install/robot_localization:/home/mitzi/ros2_ws/install/osrf_testing_tools_cpp:/home/mitzi/ros2_ws/install/neato2_gazebo:/home/mitzi/ros2_ws/install/neato2_interfaces:/home/mitzi/ros2_ws/install/fix_scan:/home/mitzi/ros2_ws/install/apriltag_ros:/home/mitzi/ros2_ws/install/apriltag_msgs:/home/mitzi/ros2_ws/install/apriltag:/home/mitzi/ros2_ws/install/warmup_project:/home/mitzi/ros2_ws/install/visual_odometry:/home/mitzi/ros2_ws/install/sample_node_architectures:/home/mitzi/ros2_ws/install/py_pysub:/home/mitzi/ros2_ws/install/osrf_pycommon:/home/mitzi/ros2_ws/install/neato_soccer:/home/mitzi/ros2_ws/install/neato_node2:/home/mitzi/ros2_ws/install/in_class_day04_solutions:/home/mitzi/ros2_ws/install/in_class_day03_solutions:/home/mitzi/ros2_ws/install/in_class_day03:/home/mitzi/ros2_ws/install/in_class_day02_solutions:/home/mitzi/ros2_ws/install/in_class_day02:/opt/ros/foxy:/opt/ros/noetic PKG_CONFIG_PATH=/home/mitzi/ws_ros2/install/mavlink/lib/x86_64-linux-gnu/pkgconfig:/home/mitzi/ws_ros2/install/mavlink/lib/pkgconfig:${PKG_CONFIG_PATH} /usr/bin/cmake /home/mitzi/ws_ros2/mavros/libmavconn -DCMAKE_INSTALL_PREFIX=/home/mitzi/ws_ros2/install/libmavconn
[1.090s] Invoking command in '/home/mitzi/ws_ros2/build/libmavconn': CMAKE_PREFIX_PATH=/home/mitzi/ws_ros2/install/mavlink:/home/mitzi/ros2_ws/install/simple_filter:/home/mitzi/ros2_ws/install/ros_environment:/home/mitzi/ros2_ws/install/robot_localization:/home/mitzi/ros2_ws/install/osrf_testing_tools_cpp:/home/mitzi/ros2_ws/install/neato2_gazebo:/home/mitzi/ros2_ws/install/neato2_interfaces:/home/mitzi/ros2_ws/install/fix_scan:/home/mitzi/ros2_ws/install/apriltag_ros:/home/mitzi/ros2_ws/install/apriltag_msgs:/home/mitzi/ros2_ws/install/apriltag:/home/mitzi/ros2_ws/install/warmup_project:/home/mitzi/ros2_ws/install/visual_odometry:/home/mitzi/ros2_ws/install/sample_node_architectures:/home/mitzi/ros2_ws/install/py_pysub:/home/mitzi/ros2_ws/install/osrf_pycommon:/home/mitzi/ros2_ws/install/neato_soccer:/home/mitzi/ros2_ws/install/neato_node2:/home/mitzi/ros2_ws/install/in_class_day04_solutions:/home/mitzi/ros2_ws/install/in_class_day03_solutions:/home/mitzi/ros2_ws/install/in_class_day03:/home/mitzi/ros2_ws/install/in_class_day02_solutions:/home/mitzi/ros2_ws/install/in_class_day02:/opt/ros/foxy:/opt/ros/noetic PKG_CONFIG_PATH=/home/mitzi/ws_ros2/install/mavlink/lib/x86_64-linux-gnu/pkgconfig:/home/mitzi/ws_ros2/install/mavlink/lib/pkgconfig:${PKG_CONFIG_PATH} /usr/bin/cmake --build /home/mitzi/ws_ros2/build/libmavconn -- -j12 -l12
[1.118s] [35m[1mScanning dependencies of target gtest_main[0m
[1.118s] [35m[1mScanning dependencies of target gtest[0m
[1.118s] [35m[1mScanning dependencies of target mavconn[0m
[1.129s] [  8%] [32mBuilding CXX object gtest/CMakeFiles/gtest_main.dir/src/gtest_main.cc.o[0m
[1.130s] [ 16%] [32mBuilding CXX object gtest/CMakeFiles/gtest.dir/src/gtest-all.cc.o[0m
[1.154s] [ 25%] [32mBuilding CXX object CMakeFiles/mavconn.dir/generated/src/mavlink_helpers.cpp.o[0m
[1.155s] [ 33%] [32mBuilding CXX object CMakeFiles/mavconn.dir/src/tcp.cpp.o[0m
[1.156s] [ 41%] [32mBuilding CXX object CMakeFiles/mavconn.dir/src/interface.cpp.o[0m
[1.157s] [ 50%] [32mBuilding CXX object CMakeFiles/mavconn.dir/src/serial.cpp.o[0m
[1.157s] [ 58%] [32mBuilding CXX object CMakeFiles/mavconn.dir/src/udp.cpp.o[0m
[1.253s] [ 66%] [32m[1mLinking CXX static library libgtest.a[0m
[1.268s] [ 75%] [32m[1mLinking CXX static library libgtest_main.a[0m
[1.294s] [ 75%] Built target gtest
[1.303s] [ 75%] Built target gtest_main
[6.173s] [ 83%] [32m[1mLinking CXX shared library libmavconn.so[0m
[6.313s] [ 83%] Built target mavconn
[6.321s] [35m[1mScanning dependencies of target test_mavconn[0m
[6.351s] [ 91%] [32mBuilding CXX object CMakeFiles/test_mavconn.dir/test/test_mavconn.cpp.o[0m
[10.771s] [100%] [32m[1mLinking CXX executable test_mavconn[0m
[11.009s] [100%] Built target test_mavconn
[11.025s] Invoked command in '/home/mitzi/ws_ros2/build/libmavconn' returned '0': CMAKE_PREFIX_PATH=/home/mitzi/ws_ros2/install/mavlink:/home/mitzi/ros2_ws/install/simple_filter:/home/mitzi/ros2_ws/install/ros_environment:/home/mitzi/ros2_ws/install/robot_localization:/home/mitzi/ros2_ws/install/osrf_testing_tools_cpp:/home/mitzi/ros2_ws/install/neato2_gazebo:/home/mitzi/ros2_ws/install/neato2_interfaces:/home/mitzi/ros2_ws/install/fix_scan:/home/mitzi/ros2_ws/install/apriltag_ros:/home/mitzi/ros2_ws/install/apriltag_msgs:/home/mitzi/ros2_ws/install/apriltag:/home/mitzi/ros2_ws/install/warmup_project:/home/mitzi/ros2_ws/install/visual_odometry:/home/mitzi/ros2_ws/install/sample_node_architectures:/home/mitzi/ros2_ws/install/py_pysub:/home/mitzi/ros2_ws/install/osrf_pycommon:/home/mitzi/ros2_ws/install/neato_soccer:/home/mitzi/ros2_ws/install/neato_node2:/home/mitzi/ros2_ws/install/in_class_day04_solutions:/home/mitzi/ros2_ws/install/in_class_day03_solutions:/home/mitzi/ros2_ws/install/in_class_day03:/home/mitzi/ros2_ws/install/in_class_day02_solutions:/home/mitzi/ros2_ws/install/in_class_day02:/opt/ros/foxy:/opt/ros/noetic PKG_CONFIG_PATH=/home/mitzi/ws_ros2/install/mavlink/lib/x86_64-linux-gnu/pkgconfig:/home/mitzi/ws_ros2/install/mavlink/lib/pkgconfig:${PKG_CONFIG_PATH} /usr/bin/cmake --build /home/mitzi/ws_ros2/build/libmavconn -- -j12 -l12
[11.074s] Invoking command in '/home/mitzi/ws_ros2/build/libmavconn': CMAKE_PREFIX_PATH=/home/mitzi/ws_ros2/install/mavlink:/home/mitzi/ros2_ws/install/simple_filter:/home/mitzi/ros2_ws/install/ros_environment:/home/mitzi/ros2_ws/install/robot_localization:/home/mitzi/ros2_ws/install/osrf_testing_tools_cpp:/home/mitzi/ros2_ws/install/neato2_gazebo:/home/mitzi/ros2_ws/install/neato2_interfaces:/home/mitzi/ros2_ws/install/fix_scan:/home/mitzi/ros2_ws/install/apriltag_ros:/home/mitzi/ros2_ws/install/apriltag_msgs:/home/mitzi/ros2_ws/install/apriltag:/home/mitzi/ros2_ws/install/warmup_project:/home/mitzi/ros2_ws/install/visual_odometry:/home/mitzi/ros2_ws/install/sample_node_architectures:/home/mitzi/ros2_ws/install/py_pysub:/home/mitzi/ros2_ws/install/osrf_pycommon:/home/mitzi/ros2_ws/install/neato_soccer:/home/mitzi/ros2_ws/install/neato_node2:/home/mitzi/ros2_ws/install/in_class_day04_solutions:/home/mitzi/ros2_ws/install/in_class_day03_solutions:/home/mitzi/ros2_ws/install/in_class_day03:/home/mitzi/ros2_ws/install/in_class_day02_solutions:/home/mitzi/ros2_ws/install/in_class_day02:/opt/ros/foxy:/opt/ros/noetic PKG_CONFIG_PATH=/home/mitzi/ws_ros2/install/mavlink/lib/x86_64-linux-gnu/pkgconfig:/home/mitzi/ws_ros2/install/mavlink/lib/pkgconfig:${PKG_CONFIG_PATH} /usr/bin/cmake --install /home/mitzi/ws_ros2/build/libmavconn
[11.084s] -- Install configuration: ""
[11.085s] -- Installing: /home/mitzi/ws_ros2/install/libmavconn/lib/libmavconn.so
[11.087s] -- Set runtime path of "/home/mitzi/ws_ros2/install/libmavconn/lib/libmavconn.so" to ""
[11.087s] -- Installing: /home/mitzi/ws_ros2/install/libmavconn/include
[11.087s] -- Installing: /home/mitzi/ws_ros2/install/libmavconn/include/mavconn
[11.088s] -- Installing: /home/mitzi/ws_ros2/install/libmavconn/include/mavconn/mavlink_dialect.hpp
[11.088s] -- Installing: /home/mitzi/ws_ros2/install/libmavconn/include/mavconn/msgbuffer.hpp
[11.088s] -- Installing: /home/mitzi/ws_ros2/install/libmavconn/include/mavconn/udp.hpp
[11.088s] -- Installing: /home/mitzi/ws_ros2/install/libmavconn/include/mavconn/mavlink_dialect.hpp.em
[11.088s] -- Installing: /home/mitzi/ws_ros2/install/libmavconn/include/mavconn/thread_utils.hpp
[11.088s] -- Installing: /home/mitzi/ws_ros2/install/libmavconn/include/mavconn/console_bridge_compat.hpp
[11.088s] -- Installing: /home/mitzi/ws_ros2/install/libmavconn/include/mavconn/interface.hpp
[11.089s] -- Installing: /home/mitzi/ws_ros2/install/libmavconn/include/mavconn/tcp.hpp
[11.089s] -- Installing: /home/mitzi/ws_ros2/install/libmavconn/include/mavconn/serial.hpp
[11.089s] -- Up-to-date: /home/mitzi/ws_ros2/install/libmavconn/include/mavconn
[11.089s] -- Up-to-date: /home/mitzi/ws_ros2/install/libmavconn/include/mavconn/mavlink_dialect.hpp
[11.089s] -- Installing: /home/mitzi/ws_ros2/install/libmavconn/share/libmavconn/cmake
[11.089s] -- Installing: /home/mitzi/ws_ros2/install/libmavconn/share/libmavconn/cmake/Modules
[11.089s] -- Installing: /home/mitzi/ws_ros2/install/libmavconn/share/libmavconn/cmake/Modules/CheckGeographicLibDatasets.cmake
[11.090s] -- Installing: /home/mitzi/ws_ros2/install/libmavconn/share/libmavconn/cmake/Modules/em_expand.cmake
[11.090s] -- Installing: /home/mitzi/ws_ros2/install/libmavconn/share/libmavconn/cmake/Modules/FindASIO.cmake
[11.090s] -- Installing: /home/mitzi/ws_ros2/install/libmavconn/share/libmavconn/environment/library_path.sh
[11.090s] -- Installing: /home/mitzi/ws_ros2/install/libmavconn/share/libmavconn/environment/library_path.dsv
[11.090s] -- Installing: /home/mitzi/ws_ros2/install/libmavconn/share/ament_index/resource_index/package_run_dependencies/libmavconn
[11.091s] -- Installing: /home/mitzi/ws_ros2/install/libmavconn/share/ament_index/resource_index/parent_prefix_path/libmavconn
[11.091s] -- Installing: /home/mitzi/ws_ros2/install/libmavconn/share/libmavconn/environment/ament_prefix_path.sh
[11.091s] -- Installing: /home/mitzi/ws_ros2/install/libmavconn/share/libmavconn/environment/ament_prefix_path.dsv
[11.091s] -- Installing: /home/mitzi/ws_ros2/install/libmavconn/share/libmavconn/environment/path.sh
[11.091s] -- Installing: /home/mitzi/ws_ros2/install/libmavconn/share/libmavconn/environment/path.dsv
[11.092s] -- Installing: /home/mitzi/ws_ros2/install/libmavconn/share/libmavconn/local_setup.bash
[11.092s] -- Installing: /home/mitzi/ws_ros2/install/libmavconn/share/libmavconn/local_setup.sh
[11.092s] -- Installing: /home/mitzi/ws_ros2/install/libmavconn/share/libmavconn/local_setup.zsh
[11.092s] -- Installing: /home/mitzi/ws_ros2/install/libmavconn/share/libmavconn/local_setup.dsv
[11.092s] -- Installing: /home/mitzi/ws_ros2/install/libmavconn/share/libmavconn/package.dsv
[11.093s] -- Installing: /home/mitzi/ws_ros2/install/libmavconn/share/ament_index/resource_index/packages/libmavconn
[11.093s] -- Installing: /home/mitzi/ws_ros2/install/libmavconn/share/libmavconn/cmake/libmavconn-extras.cmake
[11.093s] -- Installing: /home/mitzi/ws_ros2/install/libmavconn/share/libmavconn/cmake/ament_cmake_export_dependencies-extras.cmake
[11.093s] -- Installing: /home/mitzi/ws_ros2/install/libmavconn/share/libmavconn/cmake/ament_cmake_export_include_directories-extras.cmake
[11.094s] -- Installing: /home/mitzi/ws_ros2/install/libmavconn/share/libmavconn/cmake/ament_cmake_export_libraries-extras.cmake
[11.094s] -- Installing: /home/mitzi/ws_ros2/install/libmavconn/share/libmavconn/cmake/libmavconnConfig.cmake
[11.094s] -- Installing: /home/mitzi/ws_ros2/install/libmavconn/share/libmavconn/cmake/libmavconnConfig-version.cmake
[11.094s] -- Installing: /home/mitzi/ws_ros2/install/libmavconn/share/libmavconn/package.xml
[11.101s] Invoked command in '/home/mitzi/ws_ros2/build/libmavconn' returned '0': CMAKE_PREFIX_PATH=/home/mitzi/ws_ros2/install/mavlink:/home/mitzi/ros2_ws/install/simple_filter:/home/mitzi/ros2_ws/install/ros_environment:/home/mitzi/ros2_ws/install/robot_localization:/home/mitzi/ros2_ws/install/osrf_testing_tools_cpp:/home/mitzi/ros2_ws/install/neato2_gazebo:/home/mitzi/ros2_ws/install/neato2_interfaces:/home/mitzi/ros2_ws/install/fix_scan:/home/mitzi/ros2_ws/install/apriltag_ros:/home/mitzi/ros2_ws/install/apriltag_msgs:/home/mitzi/ros2_ws/install/apriltag:/home/mitzi/ros2_ws/install/warmup_project:/home/mitzi/ros2_ws/install/visual_odometry:/home/mitzi/ros2_ws/install/sample_node_architectures:/home/mitzi/ros2_ws/install/py_pysub:/home/mitzi/ros2_ws/install/osrf_pycommon:/home/mitzi/ros2_ws/install/neato_soccer:/home/mitzi/ros2_ws/install/neato_node2:/home/mitzi/ros2_ws/install/in_class_day04_solutions:/home/mitzi/ros2_ws/install/in_class_day03_solutions:/home/mitzi/ros2_ws/install/in_class_day03:/home/mitzi/ros2_ws/install/in_class_day02_solutions:/home/mitzi/ros2_ws/install/in_class_day02:/opt/ros/foxy:/opt/ros/noetic PKG_CONFIG_PATH=/home/mitzi/ws_ros2/install/mavlink/lib/x86_64-linux-gnu/pkgconfig:/home/mitzi/ws_ros2/install/mavlink/lib/pkgconfig:${PKG_CONFIG_PATH} /usr/bin/cmake --install /home/mitzi/ws_ros2/build/libmavconn
