[0.013s] Invoking command in '/home/mitzi/ws_ros2/build/mavros': AMENT_PREFIX_PATH=/home/mitzi/ws_ros2/install/libmavconn:/home/mitzi/ws_ros2/install/mavros_msgs:${AMENT_PREFIX_PATH} CMAKE_PREFIX_PATH=/home/mitzi/ws_ros2/install/libmavconn:/home/mitzi/ws_ros2/install/mavros_msgs:/home/mitzi/ws_ros2/install/mavlink:/home/mitzi/ros2_ws/install/simple_filter:/home/mitzi/ros2_ws/install/ros_environment:/home/mitzi/ros2_ws/install/robot_localization:/home/mitzi/ros2_ws/install/osrf_testing_tools_cpp:/home/mitzi/ros2_ws/install/neato2_gazebo:/home/mitzi/ros2_ws/install/neato2_interfaces:/home/mitzi/ros2_ws/install/fix_scan:/home/mitzi/ros2_ws/install/apriltag_ros:/home/mitzi/ros2_ws/install/apriltag_msgs:/home/mitzi/ros2_ws/install/apriltag:/home/mitzi/ros2_ws/install/warmup_project:/home/mitzi/ros2_ws/install/visual_odometry:/home/mitzi/ros2_ws/install/sample_node_architectures:/home/mitzi/ros2_ws/install/py_pysub:/home/mitzi/ros2_ws/install/osrf_pycommon:/home/mitzi/ros2_ws/install/neato_soccer:/home/mitzi/ros2_ws/install/neato_node2:/home/mitzi/ros2_ws/install/in_class_day04_solutions:/home/mitzi/ros2_ws/install/in_class_day03_solutions:/home/mitzi/ros2_ws/install/in_class_day03:/home/mitzi/ros2_ws/install/in_class_day02_solutions:/home/mitzi/ros2_ws/install/in_class_day02:/opt/ros/foxy:/opt/ros/noetic LD_LIBRARY_PATH=/home/mitzi/ws_ros2/install/libmavconn/lib:/home/mitzi/ws_ros2/install/mavros_msgs/lib:${LD_LIBRARY_PATH} PKG_CONFIG_PATH=/home/mitzi/ws_ros2/install/mavlink/lib/x86_64-linux-gnu/pkgconfig:/home/mitzi/ws_ros2/install/mavlink/lib/pkgconfig:${PKG_CONFIG_PATH} PYTHONPATH=/home/mitzi/ws_ros2/install/mavros_msgs/lib/python3.8/site-packages:${PYTHONPATH} /usr/bin/cmake /home/mitzi/ws_ros2/mavros/mavros -DCMAKE_INSTALL_PREFIX=/home/mitzi/ws_ros2/install/mavros
[0.052s] -- The C compiler identification is GNU 9.4.0
[0.092s] -- The CXX compiler identification is GNU 9.4.0
[0.096s] -- Check for working C compiler: /usr/lib/ccache/cc
[0.150s] -- Check for working C compiler: /usr/lib/ccache/cc -- works
[0.150s] -- Detecting C compiler ABI info
[0.189s] -- Detecting C compiler ABI info - done
[0.197s] -- Detecting C compile features
[0.198s] -- Detecting C compile features - done
[0.199s] -- Check for working CXX compiler: /usr/lib/ccache/c++
[0.279s] -- Check for working CXX compiler: /usr/lib/ccache/c++ -- works
[0.280s] -- Detecting CXX compiler ABI info
[0.337s] -- Detecting CXX compiler ABI info - done
[0.348s] -- Detecting CXX compile features
[0.348s] -- Detecting CXX compile features - done
[0.351s] -- Found ament_cmake: 0.9.9 (/opt/ros/foxy/share/ament_cmake/cmake)
[0.395s] -- Found PythonInterp: /usr/bin/python3 (found suitable version "3.8.10", minimum required is "3") 
[0.395s] -- Using PYTHON_EXECUTABLE: /usr/bin/python3
[0.682s] -- Found rclcpp: 2.4.1 (/opt/ros/foxy/share/rclcpp/cmake)
[0.738s] -- Using all available rosidl_typesupport_c: rosidl_typesupport_fastrtps_c;rosidl_typesupport_introspection_c
[0.747s] -- Found rosidl_adapter: 1.2.1 (/opt/ros/foxy/share/rosidl_adapter/cmake)
[0.835s] -- Found OpenSSL: /usr/lib/x86_64-linux-gnu/libcrypto.so (found version "1.1.1f")  
[0.866s] -- Found FastRTPS: /opt/ros/foxy/include  
[0.954s] -- Using all available rosidl_typesupport_cpp: rosidl_typesupport_fastrtps_cpp;rosidl_typesupport_introspection_cpp
[1.016s] -- Found rmw_implementation_cmake: 1.0.3 (/opt/ros/foxy/share/rmw_implementation_cmake/cmake)
[1.018s] -- Using RMW implementation 'rmw_fastrtps_cpp' as default
[1.019s] -- Looking for pthread.h
[1.089s] -- Looking for pthread.h - found
[1.089s] -- Performing Test CMAKE_HAVE_LIBC_PTHREAD
[1.163s] -- Performing Test CMAKE_HAVE_LIBC_PTHREAD - Failed
[1.164s] -- Looking for pthread_create in pthreads
[1.206s] -- Looking for pthread_create in pthreads - not found
[1.206s] -- Looking for pthread_create in pthread
[1.259s] -- Looking for pthread_create in pthread - found
[1.259s] -- Found Threads: TRUE  
[1.444s] -- Found rclcpp_components: 2.4.1 (/opt/ros/foxy/share/rclcpp_components/cmake)
[1.520s] -- Found pluginlib: 2.5.4 (/opt/ros/foxy/share/pluginlib/cmake)
[1.543s] -- Found message_filters: 3.2.5 (/opt/ros/foxy/share/message_filters/cmake)
[1.546s] -- Found libmavconn: 2.3.0 (/home/mitzi/ws_ros2/install/libmavconn/share/libmavconn/cmake)
[1.551s] -- Found eigen3_cmake_module: 0.1.1 (/opt/ros/foxy/share/eigen3_cmake_module/cmake)
[1.555s] -- Found Eigen3: TRUE (found version "3.3.7") 
[1.558s] -- Found GeographicLib: /usr/lib/x86_64-linux-gnu  
[1.560s] -- Found angles: 1.12.3 (/opt/ros/foxy/share/angles/cmake)
[1.563s] -- Found eigen_stl_containers: 1.0.0 (/opt/ros/foxy/share/eigen_stl_containers/cmake)
[1.567s] -- Found tf2_eigen: 0.13.13 (/opt/ros/foxy/share/tf2_eigen/cmake)
[1.933s] -- Found diagnostic_msgs: 2.0.5 (/opt/ros/foxy/share/diagnostic_msgs/cmake)
[1.973s] -- Found diagnostic_updater: 2.0.8 (/opt/ros/foxy/share/diagnostic_updater/cmake)
[1.994s] -- Found geographic_msgs: 1.0.4 (/opt/ros/foxy/share/geographic_msgs/cmake)
[2.080s] -- Found mavros_msgs: 2.3.0 (/home/mitzi/ws_ros2/install/mavros_msgs/share/mavros_msgs/cmake)
[2.450s] -- Found nav_msgs: 2.0.5 (/opt/ros/foxy/share/nav_msgs/cmake)
[2.532s] -- Found std_srvs: 2.0.5 (/opt/ros/foxy/share/std_srvs/cmake)
[2.543s] -- Found trajectory_msgs: 2.0.5 (/opt/ros/foxy/share/trajectory_msgs/cmake)
[2.614s] -- Geoid model datasets found in: /usr/share/GeographicLib/geoid
[2.614s] -- Gravity Field model datasets found in: /usr/share/GeographicLib/gravity
[2.614s] -- Magnetic Field model datasets found in: /usr/share/GeographicLib/magnetic
[2.727s] -- Found ament_cmake_gtest: 0.9.9 (/opt/ros/foxy/share/ament_cmake_gtest/cmake)
[2.730s] -- Found ament_cmake_gmock: 0.9.9 (/opt/ros/foxy/share/ament_cmake_gmock/cmake)
[2.733s] -- Found ament_cmake_pytest: 0.9.9 (/opt/ros/foxy/share/ament_cmake_pytest/cmake)
[2.735s] -- Found ament_lint_auto: 0.9.6 (/opt/ros/foxy/share/ament_lint_auto/cmake)
[2.857s] -- Found gtest sources under '/opt/ros/foxy/src/gtest_vendor': C++ tests using 'Google Test' will be built
[2.860s] -- Check if compiler accepts -pthread
[2.907s] -- Check if compiler accepts -pthread - yes
[2.915s] -- Found gmock sources under '/opt/ros/foxy/src/gmock_vendor': C++ tests using 'Google Mock' will be built
[4.218s] -- Added test 'cppcheck' to perform static code analysis on C / C++ code
[4.219s] -- Configured cppcheck include dirs: $<BUILD_INTERFACE:/home/mitzi/ws_ros2/mavros/mavros/include>
[4.220s] -- Configured cppcheck exclude dirs and/or files: ./test/*.cpp
[4.223s] -- Added test 'cpplint' to check C / C++ code against the Google style
[4.223s] -- Configured cpplint exclude dirs and/or files: 
[4.224s] -- Added test 'flake8' to check Python code syntax and style conventions
[4.225s] -- Added test 'lint_cmake' to check CMake code style
[4.226s] -- Added test 'pep257' to check Python code against some of the style conventions in PEP 257
[4.229s] -- Added test 'uncrustify' to check C / C++ code style
[4.229s] -- Configured uncrustify additional arguments: 
[4.230s] -- Added test 'xmllint' to check XML markup files
[4.235s] -- Configuring done
[4.364s] -- Generating done
[4.368s] -- Build files have been written to: /home/mitzi/ws_ros2/build/mavros
[4.379s] Invoked command in '/home/mitzi/ws_ros2/build/mavros' returned '0': AMENT_PREFIX_PATH=/home/mitzi/ws_ros2/install/libmavconn:/home/mitzi/ws_ros2/install/mavros_msgs:${AMENT_PREFIX_PATH} CMAKE_PREFIX_PATH=/home/mitzi/ws_ros2/install/libmavconn:/home/mitzi/ws_ros2/install/mavros_msgs:/home/mitzi/ws_ros2/install/mavlink:/home/mitzi/ros2_ws/install/simple_filter:/home/mitzi/ros2_ws/install/ros_environment:/home/mitzi/ros2_ws/install/robot_localization:/home/mitzi/ros2_ws/install/osrf_testing_tools_cpp:/home/mitzi/ros2_ws/install/neato2_gazebo:/home/mitzi/ros2_ws/install/neato2_interfaces:/home/mitzi/ros2_ws/install/fix_scan:/home/mitzi/ros2_ws/install/apriltag_ros:/home/mitzi/ros2_ws/install/apriltag_msgs:/home/mitzi/ros2_ws/install/apriltag:/home/mitzi/ros2_ws/install/warmup_project:/home/mitzi/ros2_ws/install/visual_odometry:/home/mitzi/ros2_ws/install/sample_node_architectures:/home/mitzi/ros2_ws/install/py_pysub:/home/mitzi/ros2_ws/install/osrf_pycommon:/home/mitzi/ros2_ws/install/neato_soccer:/home/mitzi/ros2_ws/install/neato_node2:/home/mitzi/ros2_ws/install/in_class_day04_solutions:/home/mitzi/ros2_ws/install/in_class_day03_solutions:/home/mitzi/ros2_ws/install/in_class_day03:/home/mitzi/ros2_ws/install/in_class_day02_solutions:/home/mitzi/ros2_ws/install/in_class_day02:/opt/ros/foxy:/opt/ros/noetic LD_LIBRARY_PATH=/home/mitzi/ws_ros2/install/libmavconn/lib:/home/mitzi/ws_ros2/install/mavros_msgs/lib:${LD_LIBRARY_PATH} PKG_CONFIG_PATH=/home/mitzi/ws_ros2/install/mavlink/lib/x86_64-linux-gnu/pkgconfig:/home/mitzi/ws_ros2/install/mavlink/lib/pkgconfig:${PKG_CONFIG_PATH} PYTHONPATH=/home/mitzi/ws_ros2/install/mavros_msgs/lib/python3.8/site-packages:${PYTHONPATH} /usr/bin/cmake /home/mitzi/ws_ros2/mavros/mavros -DCMAKE_INSTALL_PREFIX=/home/mitzi/ws_ros2/install/mavros
[4.382s] Invoking command in '/home/mitzi/ws_ros2/build/mavros': AMENT_PREFIX_PATH=/home/mitzi/ws_ros2/install/libmavconn:/home/mitzi/ws_ros2/install/mavros_msgs:${AMENT_PREFIX_PATH} CMAKE_PREFIX_PATH=/home/mitzi/ws_ros2/install/libmavconn:/home/mitzi/ws_ros2/install/mavros_msgs:/home/mitzi/ws_ros2/install/mavlink:/home/mitzi/ros2_ws/install/simple_filter:/home/mitzi/ros2_ws/install/ros_environment:/home/mitzi/ros2_ws/install/robot_localization:/home/mitzi/ros2_ws/install/osrf_testing_tools_cpp:/home/mitzi/ros2_ws/install/neato2_gazebo:/home/mitzi/ros2_ws/install/neato2_interfaces:/home/mitzi/ros2_ws/install/fix_scan:/home/mitzi/ros2_ws/install/apriltag_ros:/home/mitzi/ros2_ws/install/apriltag_msgs:/home/mitzi/ros2_ws/install/apriltag:/home/mitzi/ros2_ws/install/warmup_project:/home/mitzi/ros2_ws/install/visual_odometry:/home/mitzi/ros2_ws/install/sample_node_architectures:/home/mitzi/ros2_ws/install/py_pysub:/home/mitzi/ros2_ws/install/osrf_pycommon:/home/mitzi/ros2_ws/install/neato_soccer:/home/mitzi/ros2_ws/install/neato_node2:/home/mitzi/ros2_ws/install/in_class_day04_solutions:/home/mitzi/ros2_ws/install/in_class_day03_solutions:/home/mitzi/ros2_ws/install/in_class_day03:/home/mitzi/ros2_ws/install/in_class_day02_solutions:/home/mitzi/ros2_ws/install/in_class_day02:/opt/ros/foxy:/opt/ros/noetic LD_LIBRARY_PATH=/home/mitzi/ws_ros2/install/libmavconn/lib:/home/mitzi/ws_ros2/install/mavros_msgs/lib:${LD_LIBRARY_PATH} PKG_CONFIG_PATH=/home/mitzi/ws_ros2/install/mavlink/lib/x86_64-linux-gnu/pkgconfig:/home/mitzi/ws_ros2/install/mavlink/lib/pkgconfig:${PKG_CONFIG_PATH} PYTHONPATH=/home/mitzi/ws_ros2/install/mavros_msgs/lib/python3.8/site-packages:${PYTHONPATH} /usr/bin/cmake --build /home/mitzi/ws_ros2/build/mavros -- -j12 -l12
[4.422s] [35m[1mScanning dependencies of target gtest_main[0m
[4.422s] [35m[1mScanning dependencies of target gmock[0m
[4.423s] [35m[1mScanning dependencies of target mavros[0m
[4.423s] [35m[1mScanning dependencies of target gmock_main[0m
[4.423s] [35m[1mScanning dependencies of target gtest[0m
[4.435s] [  1%] [32mBuilding CXX object gtest/CMakeFiles/gtest_main.dir/src/gtest_main.cc.o[0m
[4.439s] [  3%] [32mBuilding CXX object gmock/CMakeFiles/gmock_main.dir/src/gmock_main.cc.o[0m
[4.440s] [  4%] [32mBuilding CXX object gtest/CMakeFiles/gtest.dir/src/gtest-all.cc.o[0m
[4.444s] [  6%] [32mBuilding CXX object gmock/CMakeFiles/gmock.dir/opt/ros/foxy/src/gtest_vendor/src/gtest-all.cc.o[0m
[4.445s] [  8%] [32mBuilding CXX object gmock/CMakeFiles/gmock.dir/src/gmock-all.cc.o[0m
[4.542s] [  9%] [32m[1mLinking CXX static library libgtest_main.a[0m
[4.570s] [  9%] Built target gtest_main
[4.581s] [ 11%] [32m[1mLinking CXX static library libgtest.a[0m
[4.599s] [ 12%] [32m[1mLinking CXX static library libgmock_main.a[0m
[4.626s] [ 14%] [32m[1mLinking CXX static library libgmock.a[0m
[4.629s] [ 14%] Built target gmock_main
[4.629s] [ 14%] Built target gtest
[4.656s] [ 19%] [32mBuilding CXX object CMakeFiles/mavros.dir/src/lib/enum_to_string.cpp.o[0m
[4.657s] [ 16%] [32mBuilding CXX object CMakeFiles/mavros.dir/src/lib/enum_sensor_orientation.cpp.o[0m
[4.657s] [ 19%] [32mBuilding CXX object CMakeFiles/mavros.dir/src/lib/ftf_frame_conversions.cpp.o[0m
[4.657s] [ 20%] [32mBuilding CXX object CMakeFiles/mavros.dir/src/lib/ftf_quaternion_utils.cpp.o[0m
[4.661s] [ 22%] [32mBuilding CXX object CMakeFiles/mavros.dir/src/lib/mavros_router.cpp.o[0m
[4.663s] [ 24%] [32mBuilding CXX object CMakeFiles/mavros.dir/src/lib/mavros_uas.cpp.o[0m
[4.665s] [ 25%] [32mBuilding CXX object CMakeFiles/mavros.dir/src/lib/plugin.cpp.o[0m
[4.665s] [ 27%] [32mBuilding CXX object CMakeFiles/mavros.dir/src/lib/uas_ap.cpp.o[0m
[4.667s] [ 29%] [32mBuilding CXX object CMakeFiles/mavros.dir/src/lib/uas_data.cpp.o[0m
[4.668s] [ 30%] [32mBuilding CXX object CMakeFiles/mavros.dir/src/lib/uas_executor.cpp.o[0m
[4.670s] [ 32%] [32mBuilding CXX object CMakeFiles/mavros.dir/src/lib/uas_stringify.cpp.o[0m
[4.688s] [ 32%] Built target gmock
[4.721s] [ 33%] [32mBuilding CXX object CMakeFiles/mavros.dir/src/lib/uas_tf.cpp.o[0m
[7.566s] [ 35%] [32mBuilding CXX object CMakeFiles/mavros.dir/src/lib/uas_timesync.cpp.o[0m
[21.003s] [ 37%] [32m[1mLinking CXX shared library libmavros.so[0m
[22.032s] [ 37%] Built target mavros
[22.041s] [35m[1mScanning dependencies of target mavros_node[0m
[22.041s] [35m[1mScanning dependencies of target libmavros-quaternion-utils-test[0m
[22.041s] [35m[1mScanning dependencies of target libmavros-frame-conversions-test[0m
[22.042s] [35m[1mScanning dependencies of target mavros_plugins[0m
[22.042s] [35m[1mScanning dependencies of target mavros-uas-test[0m
[22.043s] [35m[1mScanning dependencies of target libmavros-sensor-orientation-test[0m
[22.044s] [35m[1mScanning dependencies of target mavros-router-test[0m
[22.108s] [ 38%] [32mBuilding CXX object CMakeFiles/libmavros-frame-conversions-test.dir/test/test_frame_conversions.cpp.o[0m
[22.117s] [ 40%] [32mBuilding CXX object CMakeFiles/libmavros-quaternion-utils-test.dir/test/test_quaternion_utils.cpp.o[0m
[22.141s] [ 41%] [32mBuilding CXX object CMakeFiles/mavros-uas-test.dir/test/test_uas.cpp.o[0m
[22.142s] [ 43%] [32mBuilding CXX object CMakeFiles/mavros_node.dir/src/mavros_node.cpp.o[0m
[22.184s] [ 45%] [32mBuilding CXX object CMakeFiles/libmavros-sensor-orientation-test.dir/test/test_sensor_orientation.cpp.o[0m
[22.193s] [ 46%] [32mBuilding CXX object CMakeFiles/mavros-router-test.dir/test/test_router.cpp.o[0m
[22.461s] [ 48%] [32mBuilding CXX object CMakeFiles/mavros_plugins.dir/src/plugins/altitude.cpp.o[0m
[22.462s] [ 50%] [32mBuilding CXX object CMakeFiles/mavros_plugins.dir/src/plugins/actuator_control.cpp.o[0m
[22.463s] [ 51%] [32mBuilding CXX object CMakeFiles/mavros_plugins.dir/src/plugins/command.cpp.o[0m
[22.463s] [ 53%] [32mBuilding CXX object CMakeFiles/mavros_plugins.dir/src/plugins/dummy.cpp.o[0m
[22.464s] [ 54%] [32mBuilding CXX object CMakeFiles/mavros_plugins.dir/src/plugins/ftp.cpp.o[0m
[22.474s] [ 56%] [32mBuilding CXX object CMakeFiles/mavros_plugins.dir/src/plugins/geofence.cpp.o[0m
[28.988s] [ 58%] [32m[1mLinking CXX executable libmavros-frame-conversions-test[0m
[29.338s] [ 59%] [32m[1mLinking CXX executable libmavros-quaternion-utils-test[0m
[30.742s] [ 59%] Built target libmavros-frame-conversions-test
[30.758s] [ 61%] [32mBuilding CXX object CMakeFiles/mavros_plugins.dir/src/plugins/global_position.cpp.o[0m
[31.035s] [ 61%] Built target libmavros-quaternion-utils-test
[31.051s] [ 62%] [32mBuilding CXX object CMakeFiles/mavros_plugins.dir/src/plugins/home_position.cpp.o[0m
[32.841s] [ 64%] [32m[1mLinking CXX executable libmavros-sensor-orientation-test[0m
[34.297s] [ 64%] Built target libmavros-sensor-orientation-test
[34.312s] [ 66%] [32mBuilding CXX object CMakeFiles/mavros_plugins.dir/src/plugins/imu.cpp.o[0m
[35.510s] [ 67%] [32mBuilding CXX object CMakeFiles/mavros_plugins.dir/src/plugins/local_position.cpp.o[0m
[35.989s] [ 69%] [32mBuilding CXX object CMakeFiles/mavros_plugins.dir/src/plugins/manual_control.cpp.o[0m
[36.615s] [ 70%] [32m[1mLinking CXX executable mavros_node[0m
[37.972s] [ 70%] Built target mavros_node
[37.987s] [ 72%] [32mBuilding CXX object CMakeFiles/mavros_plugins.dir/src/plugins/mission_protocol_base.cpp.o[0m
[38.755s] [ 74%] [32mBuilding CXX object CMakeFiles/mavros_plugins.dir/src/plugins/nav_controller_output.cpp.o[0m
[39.170s] [ 75%] [32mBuilding CXX object CMakeFiles/mavros_plugins.dir/src/plugins/param.cpp.o[0m
[39.216s] [ 77%] [32mBuilding CXX object CMakeFiles/mavros_plugins.dir/src/plugins/rallypoint.cpp.o[0m
[39.723s] [ 79%] [32m[1mLinking CXX executable mavros-router-test[0m
[41.476s] [ 80%] [32mBuilding CXX object CMakeFiles/mavros_plugins.dir/src/plugins/rc_io.cpp.o[0m
[41.678s] [ 80%] Built target mavros-router-test
[41.694s] [ 82%] [32mBuilding CXX object CMakeFiles/mavros_plugins.dir/src/plugins/setpoint_accel.cpp.o[0m
[43.168s] [ 83%] [32m[1mLinking CXX executable mavros-uas-test[0m
[45.209s] [ 83%] Built target mavros-uas-test
[45.226s] [ 85%] [32mBuilding CXX object CMakeFiles/mavros_plugins.dir/src/plugins/setpoint_attitude.cpp.o[0m
[51.300s] [ 87%] [32mBuilding CXX object CMakeFiles/mavros_plugins.dir/src/plugins/setpoint_position.cpp.o[0m
[51.457s] [ 88%] [32mBuilding CXX object CMakeFiles/mavros_plugins.dir/src/plugins/setpoint_raw.cpp.o[0m
[51.844s] [ 90%] [32mBuilding CXX object CMakeFiles/mavros_plugins.dir/src/plugins/setpoint_trajectory.cpp.o[0m
[51.969s] [ 91%] [32mBuilding CXX object CMakeFiles/mavros_plugins.dir/src/plugins/setpoint_velocity.cpp.o[0m
[53.042s] [ 93%] [32mBuilding CXX object CMakeFiles/mavros_plugins.dir/src/plugins/sys_status.cpp.o[0m
[54.701s] [ 95%] [32mBuilding CXX object CMakeFiles/mavros_plugins.dir/src/plugins/sys_time.cpp.o[0m
[55.266s] [ 96%] [32mBuilding CXX object CMakeFiles/mavros_plugins.dir/src/plugins/waypoint.cpp.o[0m
[57.059s] [ 98%] [32mBuilding CXX object CMakeFiles/mavros_plugins.dir/src/plugins/wind_estimation.cpp.o[0m
[71.419s] /home/mitzi/ws_ros2/mavros/mavros/src/plugins/sys_status.cpp: In member function ‘void mavros::std_plugins::SystemStatusPlugin::process_autopilot_version_normal(mavlink::common::msg::AUTOPILOT_VERSION&, uint8_t, uint8_t)’:
[71.419s] /home/mitzi/ws_ros2/mavros/mavros/src/plugins/sys_status.cpp:759:36: warning: lambda templates are only available with ‘-std=c++2a’ or ‘-std=gnu++2a’ [-Wpedantic]
[71.419s]   759 |     auto log_info = [&lg, &prefix] < typename ... Args > (const std::string & fmt, Args ... args) {
[71.419s]       |                                    ^
[71.419s] /home/mitzi/ws_ros2/mavros/mavros/src/plugins/sys_status.cpp: In member function ‘void mavros::std_plugins::SystemStatusPlugin::process_autopilot_version_apm_quirk(mavlink::common::msg::AUTOPILOT_VERSION&, uint8_t, uint8_t)’:
[71.419s] /home/mitzi/ws_ros2/mavros/mavros/src/plugins/sys_status.cpp:787:36: warning: lambda templates are only available with ‘-std=c++2a’ or ‘-std=gnu++2a’ [-Wpedantic]
[71.420s]   787 |     auto log_info = [&lg, &prefix] < typename ... Args > (const std::string & fmt, Args ... args) {
[71.420s]       |                                    ^
[71.420s] /home/mitzi/ws_ros2/mavros/mavros/src/plugins/sys_status.cpp: In member function ‘void mavros::std_plugins::SystemStatusPlugin::handle_battery_status(const mavlink_message_t*, mavlink::common::msg::BATTERY_STATUS&, mavros::plugin::filter::SystemAndOk)’:
[71.420s] /home/mitzi/ws_ros2/mavros/mavros/src/plugins/sys_status.cpp:1111:32: warning: comparison is always true due to limited range of data type [-Wtype-limits]
[71.420s]  1111 |     if (!disable_diag && bs.id >= 0 && bs.id < MAX_NR_BATTERY_STATUS) {
[71.420s]       |                          ~~~~~~^~~~
[73.044s] [100%] [32m[1mLinking CXX shared library libmavros_plugins.so[0m
[80.343s] [100%] Built target mavros_plugins
[80.355s] Invoked command in '/home/mitzi/ws_ros2/build/mavros' returned '0': AMENT_PREFIX_PATH=/home/mitzi/ws_ros2/install/libmavconn:/home/mitzi/ws_ros2/install/mavros_msgs:${AMENT_PREFIX_PATH} CMAKE_PREFIX_PATH=/home/mitzi/ws_ros2/install/libmavconn:/home/mitzi/ws_ros2/install/mavros_msgs:/home/mitzi/ws_ros2/install/mavlink:/home/mitzi/ros2_ws/install/simple_filter:/home/mitzi/ros2_ws/install/ros_environment:/home/mitzi/ros2_ws/install/robot_localization:/home/mitzi/ros2_ws/install/osrf_testing_tools_cpp:/home/mitzi/ros2_ws/install/neato2_gazebo:/home/mitzi/ros2_ws/install/neato2_interfaces:/home/mitzi/ros2_ws/install/fix_scan:/home/mitzi/ros2_ws/install/apriltag_ros:/home/mitzi/ros2_ws/install/apriltag_msgs:/home/mitzi/ros2_ws/install/apriltag:/home/mitzi/ros2_ws/install/warmup_project:/home/mitzi/ros2_ws/install/visual_odometry:/home/mitzi/ros2_ws/install/sample_node_architectures:/home/mitzi/ros2_ws/install/py_pysub:/home/mitzi/ros2_ws/install/osrf_pycommon:/home/mitzi/ros2_ws/install/neato_soccer:/home/mitzi/ros2_ws/install/neato_node2:/home/mitzi/ros2_ws/install/in_class_day04_solutions:/home/mitzi/ros2_ws/install/in_class_day03_solutions:/home/mitzi/ros2_ws/install/in_class_day03:/home/mitzi/ros2_ws/install/in_class_day02_solutions:/home/mitzi/ros2_ws/install/in_class_day02:/opt/ros/foxy:/opt/ros/noetic LD_LIBRARY_PATH=/home/mitzi/ws_ros2/install/libmavconn/lib:/home/mitzi/ws_ros2/install/mavros_msgs/lib:${LD_LIBRARY_PATH} PKG_CONFIG_PATH=/home/mitzi/ws_ros2/install/mavlink/lib/x86_64-linux-gnu/pkgconfig:/home/mitzi/ws_ros2/install/mavlink/lib/pkgconfig:${PKG_CONFIG_PATH} PYTHONPATH=/home/mitzi/ws_ros2/install/mavros_msgs/lib/python3.8/site-packages:${PYTHONPATH} /usr/bin/cmake --build /home/mitzi/ws_ros2/build/mavros -- -j12 -l12
[80.438s] Invoking command in '/home/mitzi/ws_ros2/build/mavros': AMENT_PREFIX_PATH=/home/mitzi/ws_ros2/install/libmavconn:/home/mitzi/ws_ros2/install/mavros_msgs:${AMENT_PREFIX_PATH} CMAKE_PREFIX_PATH=/home/mitzi/ws_ros2/install/libmavconn:/home/mitzi/ws_ros2/install/mavros_msgs:/home/mitzi/ws_ros2/install/mavlink:/home/mitzi/ros2_ws/install/simple_filter:/home/mitzi/ros2_ws/install/ros_environment:/home/mitzi/ros2_ws/install/robot_localization:/home/mitzi/ros2_ws/install/osrf_testing_tools_cpp:/home/mitzi/ros2_ws/install/neato2_gazebo:/home/mitzi/ros2_ws/install/neato2_interfaces:/home/mitzi/ros2_ws/install/fix_scan:/home/mitzi/ros2_ws/install/apriltag_ros:/home/mitzi/ros2_ws/install/apriltag_msgs:/home/mitzi/ros2_ws/install/apriltag:/home/mitzi/ros2_ws/install/warmup_project:/home/mitzi/ros2_ws/install/visual_odometry:/home/mitzi/ros2_ws/install/sample_node_architectures:/home/mitzi/ros2_ws/install/py_pysub:/home/mitzi/ros2_ws/install/osrf_pycommon:/home/mitzi/ros2_ws/install/neato_soccer:/home/mitzi/ros2_ws/install/neato_node2:/home/mitzi/ros2_ws/install/in_class_day04_solutions:/home/mitzi/ros2_ws/install/in_class_day03_solutions:/home/mitzi/ros2_ws/install/in_class_day03:/home/mitzi/ros2_ws/install/in_class_day02_solutions:/home/mitzi/ros2_ws/install/in_class_day02:/opt/ros/foxy:/opt/ros/noetic LD_LIBRARY_PATH=/home/mitzi/ws_ros2/install/libmavconn/lib:/home/mitzi/ws_ros2/install/mavros_msgs/lib:${LD_LIBRARY_PATH} PKG_CONFIG_PATH=/home/mitzi/ws_ros2/install/mavlink/lib/x86_64-linux-gnu/pkgconfig:/home/mitzi/ws_ros2/install/mavlink/lib/pkgconfig:${PKG_CONFIG_PATH} PYTHONPATH=/home/mitzi/ws_ros2/install/mavros_msgs/lib/python3.8/site-packages:${PYTHONPATH} /usr/bin/cmake --install /home/mitzi/ws_ros2/build/mavros
[80.445s] -- Install configuration: ""
[80.445s] -- Installing: /home/mitzi/ws_ros2/install/mavros/share/mavros/mavros_plugins.xml
[80.446s] -- Installing: /home/mitzi/ws_ros2/install/mavros/share/mavros/environment/pythonpath.sh
[80.446s] -- Installing: /home/mitzi/ws_ros2/install/mavros/share/mavros/environment/pythonpath.dsv
[80.446s] -- Installing: /home/mitzi/ws_ros2/install/mavros/lib/python3.8/site-packages/mavros
[80.446s] -- Installing: /home/mitzi/ws_ros2/install/mavros/lib/python3.8/site-packages/mavros/param.py
[80.446s] -- Installing: /home/mitzi/ws_ros2/install/mavros/lib/python3.8/site-packages/mavros/ftp.py
[80.446s] -- Installing: /home/mitzi/ws_ros2/install/mavros/lib/python3.8/site-packages/mavros/base.py
[80.446s] -- Installing: /home/mitzi/ws_ros2/install/mavros/lib/python3.8/site-packages/mavros/setpoint.py
[80.446s] -- Installing: /home/mitzi/ws_ros2/install/mavros/lib/python3.8/site-packages/mavros/mission.py
[80.446s] -- Installing: /home/mitzi/ws_ros2/install/mavros/lib/python3.8/site-packages/mavros/mavlink.py
[80.446s] -- Installing: /home/mitzi/ws_ros2/install/mavros/lib/python3.8/site-packages/mavros/nuttx_crc32.py
[80.447s] -- Installing: /home/mitzi/ws_ros2/install/mavros/lib/python3.8/site-packages/mavros/command.py
[80.447s] -- Installing: /home/mitzi/ws_ros2/install/mavros/lib/python3.8/site-packages/mavros/global_position.py
[80.447s] -- Installing: /home/mitzi/ws_ros2/install/mavros/lib/python3.8/site-packages/mavros/cmd
[80.447s] -- Installing: /home/mitzi/ws_ros2/install/mavros/lib/python3.8/site-packages/mavros/cmd/param.py
[80.447s] -- Installing: /home/mitzi/ws_ros2/install/mavros/lib/python3.8/site-packages/mavros/cmd/ftp.py
[80.447s] -- Installing: /home/mitzi/ws_ros2/install/mavros/lib/python3.8/site-packages/mavros/cmd/mission.py
[80.447s] -- Installing: /home/mitzi/ws_ros2/install/mavros/lib/python3.8/site-packages/mavros/cmd/cmd.py
[80.447s] -- Installing: /home/mitzi/ws_ros2/install/mavros/lib/python3.8/site-packages/mavros/cmd/checkid.py
[80.447s] -- Installing: /home/mitzi/ws_ros2/install/mavros/lib/python3.8/site-packages/mavros/cmd/__main__.py
[80.447s] -- Installing: /home/mitzi/ws_ros2/install/mavros/lib/python3.8/site-packages/mavros/cmd/utils.py
[80.447s] -- Installing: /home/mitzi/ws_ros2/install/mavros/lib/python3.8/site-packages/mavros/cmd/safety.py
[80.447s] -- Installing: /home/mitzi/ws_ros2/install/mavros/lib/python3.8/site-packages/mavros/cmd/__init__.py
[80.447s] -- Installing: /home/mitzi/ws_ros2/install/mavros/lib/python3.8/site-packages/mavros/cmd/system.py
[80.447s] -- Installing: /home/mitzi/ws_ros2/install/mavros/lib/python3.8/site-packages/mavros/utils.py
[80.448s] -- Installing: /home/mitzi/ws_ros2/install/mavros/lib/python3.8/site-packages/mavros/local_position.py
[80.448s] -- Installing: /home/mitzi/ws_ros2/install/mavros/lib/python3.8/site-packages/mavros/__init__.py
[80.448s] -- Installing: /home/mitzi/ws_ros2/install/mavros/lib/python3.8/site-packages/mavros/system.py
[80.508s] Listing '/home/mitzi/ws_ros2/install/mavros/lib/python3.8/site-packages/mavros'...
[80.508s] Compiling '/home/mitzi/ws_ros2/install/mavros/lib/python3.8/site-packages/mavros/__init__.py'...
[80.508s] Compiling '/home/mitzi/ws_ros2/install/mavros/lib/python3.8/site-packages/mavros/base.py'...
[80.508s] Listing '/home/mitzi/ws_ros2/install/mavros/lib/python3.8/site-packages/mavros/cmd'...
[80.508s] Compiling '/home/mitzi/ws_ros2/install/mavros/lib/python3.8/site-packages/mavros/cmd/__init__.py'...
[80.509s] Compiling '/home/mitzi/ws_ros2/install/mavros/lib/python3.8/site-packages/mavros/cmd/__main__.py'...
[80.509s] Compiling '/home/mitzi/ws_ros2/install/mavros/lib/python3.8/site-packages/mavros/cmd/checkid.py'...
[80.509s] Compiling '/home/mitzi/ws_ros2/install/mavros/lib/python3.8/site-packages/mavros/cmd/cmd.py'...
[80.509s] Compiling '/home/mitzi/ws_ros2/install/mavros/lib/python3.8/site-packages/mavros/cmd/ftp.py'...
[80.509s] Compiling '/home/mitzi/ws_ros2/install/mavros/lib/python3.8/site-packages/mavros/cmd/mission.py'...
[80.509s] Compiling '/home/mitzi/ws_ros2/install/mavros/lib/python3.8/site-packages/mavros/cmd/param.py'...
[80.509s] Compiling '/home/mitzi/ws_ros2/install/mavros/lib/python3.8/site-packages/mavros/cmd/safety.py'...
[80.509s] Compiling '/home/mitzi/ws_ros2/install/mavros/lib/python3.8/site-packages/mavros/cmd/system.py'...
[80.509s] Compiling '/home/mitzi/ws_ros2/install/mavros/lib/python3.8/site-packages/mavros/cmd/utils.py'...
[80.509s] Compiling '/home/mitzi/ws_ros2/install/mavros/lib/python3.8/site-packages/mavros/command.py'...
[80.509s] Compiling '/home/mitzi/ws_ros2/install/mavros/lib/python3.8/site-packages/mavros/ftp.py'...
[80.509s] Compiling '/home/mitzi/ws_ros2/install/mavros/lib/python3.8/site-packages/mavros/global_position.py'...
[80.509s] Compiling '/home/mitzi/ws_ros2/install/mavros/lib/python3.8/site-packages/mavros/local_position.py'...
[80.509s] Compiling '/home/mitzi/ws_ros2/install/mavros/lib/python3.8/site-packages/mavros/mavlink.py'...
[80.509s] Compiling '/home/mitzi/ws_ros2/install/mavros/lib/python3.8/site-packages/mavros/mission.py'...
[80.509s] Compiling '/home/mitzi/ws_ros2/install/mavros/lib/python3.8/site-packages/mavros/nuttx_crc32.py'...
[80.509s] Compiling '/home/mitzi/ws_ros2/install/mavros/lib/python3.8/site-packages/mavros/param.py'...
[80.510s] Compiling '/home/mitzi/ws_ros2/install/mavros/lib/python3.8/site-packages/mavros/setpoint.py'...
[80.510s] Compiling '/home/mitzi/ws_ros2/install/mavros/lib/python3.8/site-packages/mavros/system.py'...
[80.510s] Compiling '/home/mitzi/ws_ros2/install/mavros/lib/python3.8/site-packages/mavros/utils.py'...
[80.511s] -- Installing: /home/mitzi/ws_ros2/install/mavros/lib/mavros/mav
[80.511s] -- Installing: /home/mitzi/ws_ros2/install/mavros/lib/libmavros.so
[80.525s] -- Set runtime path of "/home/mitzi/ws_ros2/install/mavros/lib/libmavros.so" to ""
[80.525s] -- Installing: /home/mitzi/ws_ros2/install/mavros/lib/mavros/mavros_node
[80.527s] -- Set runtime path of "/home/mitzi/ws_ros2/install/mavros/lib/mavros/mavros_node" to ""
[80.527s] -- Installing: /home/mitzi/ws_ros2/install/mavros/lib/libmavros_plugins.so
[80.583s] -- Set runtime path of "/home/mitzi/ws_ros2/install/mavros/lib/libmavros_plugins.so" to ""
[80.583s] -- Installing: /home/mitzi/ws_ros2/install/mavros/lib/mavros/install_geographiclib_datasets.sh
[80.583s] -- Installing: /home/mitzi/ws_ros2/install/mavros/include
[80.583s] -- Installing: /home/mitzi/ws_ros2/install/mavros/include/mavros
[80.583s] -- Installing: /home/mitzi/ws_ros2/install/mavros/include/mavros/mavros_router.hpp
[80.583s] -- Installing: /home/mitzi/ws_ros2/install/mavros/include/mavros/px4_custom_mode.hpp
[80.583s] -- Installing: /home/mitzi/ws_ros2/install/mavros/include/mavros/plugin_filter.hpp
[80.583s] -- Installing: /home/mitzi/ws_ros2/install/mavros/include/mavros/uas_executor.hpp
[80.584s] -- Installing: /home/mitzi/ws_ros2/install/mavros/include/mavros/utils.hpp
[80.584s] -- Installing: /home/mitzi/ws_ros2/install/mavros/include/mavros/mission_protocol_base.hpp
[80.584s] -- Installing: /home/mitzi/ws_ros2/install/mavros/include/mavros/setpoint_mixin.hpp
[80.584s] -- Installing: /home/mitzi/ws_ros2/install/mavros/include/mavros/mavros_plugin_register_macro.hpp
[80.584s] -- Installing: /home/mitzi/ws_ros2/install/mavros/include/mavros/frame_tf.hpp
[80.584s] -- Installing: /home/mitzi/ws_ros2/install/mavros/include/mavros/plugin.hpp
[80.584s] -- Installing: /home/mitzi/ws_ros2/install/mavros/include/mavros/mavros_uas.hpp
[80.584s] -- Installing: /home/mitzi/ws_ros2/install/mavros/share/mavros/launch
[80.584s] -- Installing: /home/mitzi/ws_ros2/install/mavros/share/mavros/launch/px4.launch
[80.584s] -- Installing: /home/mitzi/ws_ros2/install/mavros/share/mavros/launch/apm2.launch
[80.584s] -- Installing: /home/mitzi/ws_ros2/install/mavros/share/mavros/launch/px4_config.yaml
[80.584s] -- Installing: /home/mitzi/ws_ros2/install/mavros/share/mavros/launch/px4_pluginlists.yaml
[80.584s] -- Installing: /home/mitzi/ws_ros2/install/mavros/share/mavros/launch/node.launch
[80.585s] -- Installing: /home/mitzi/ws_ros2/install/mavros/share/mavros/launch/apm_pluginlists.yaml
[80.585s] -- Installing: /home/mitzi/ws_ros2/install/mavros/share/mavros/launch/apm_config.yaml
[80.585s] -- Installing: /home/mitzi/ws_ros2/install/mavros/share/mavros/launch/apm.launch
[80.585s] -- Installing: /home/mitzi/ws_ros2/install/mavros/share/mavros/launch/mavlink_bridge.launch
[80.585s] -- Installing: /home/mitzi/ws_ros2/install/mavros/share/mavros/launch/event_launcher.yaml
[80.585s] -- Installing: /home/mitzi/ws_ros2/install/mavros/share/mavros/environment/library_path.sh
[80.585s] -- Installing: /home/mitzi/ws_ros2/install/mavros/share/mavros/environment/library_path.dsv
[80.585s] -- Installing: /home/mitzi/ws_ros2/install/mavros/share/ament_index/resource_index/package_run_dependencies/mavros
[80.585s] -- Installing: /home/mitzi/ws_ros2/install/mavros/share/ament_index/resource_index/parent_prefix_path/mavros
[80.585s] -- Installing: /home/mitzi/ws_ros2/install/mavros/share/mavros/environment/ament_prefix_path.sh
[80.585s] -- Installing: /home/mitzi/ws_ros2/install/mavros/share/mavros/environment/ament_prefix_path.dsv
[80.585s] -- Installing: /home/mitzi/ws_ros2/install/mavros/share/mavros/environment/path.sh
[80.585s] -- Installing: /home/mitzi/ws_ros2/install/mavros/share/mavros/environment/path.dsv
[80.586s] -- Installing: /home/mitzi/ws_ros2/install/mavros/share/mavros/local_setup.bash
[80.586s] -- Installing: /home/mitzi/ws_ros2/install/mavros/share/mavros/local_setup.sh
[80.586s] -- Installing: /home/mitzi/ws_ros2/install/mavros/share/mavros/local_setup.zsh
[80.586s] -- Installing: /home/mitzi/ws_ros2/install/mavros/share/mavros/local_setup.dsv
[80.586s] -- Installing: /home/mitzi/ws_ros2/install/mavros/share/mavros/package.dsv
[80.586s] -- Installing: /home/mitzi/ws_ros2/install/mavros/share/ament_index/resource_index/packages/mavros
[80.586s] -- Installing: /home/mitzi/ws_ros2/install/mavros/share/ament_index/resource_index/mavros__pluginlib__plugin/mavros
[80.586s] -- Installing: /home/mitzi/ws_ros2/install/mavros/share/ament_index/resource_index/rclcpp_components/mavros
[80.586s] -- Installing: /home/mitzi/ws_ros2/install/mavros/share/mavros/cmake/ament_cmake_export_include_directories-extras.cmake
[80.586s] -- Installing: /home/mitzi/ws_ros2/install/mavros/share/mavros/cmake/ament_cmake_export_libraries-extras.cmake
[80.586s] -- Installing: /home/mitzi/ws_ros2/install/mavros/share/mavros/cmake/ament_cmake_export_dependencies-extras.cmake
[80.586s] -- Installing: /home/mitzi/ws_ros2/install/mavros/share/mavros/cmake/mavrosConfig.cmake
[80.586s] -- Installing: /home/mitzi/ws_ros2/install/mavros/share/mavros/cmake/mavrosConfig-version.cmake
[80.587s] -- Installing: /home/mitzi/ws_ros2/install/mavros/share/mavros/package.xml
[80.591s] Invoked command in '/home/mitzi/ws_ros2/build/mavros' returned '0': AMENT_PREFIX_PATH=/home/mitzi/ws_ros2/install/libmavconn:/home/mitzi/ws_ros2/install/mavros_msgs:${AMENT_PREFIX_PATH} CMAKE_PREFIX_PATH=/home/mitzi/ws_ros2/install/libmavconn:/home/mitzi/ws_ros2/install/mavros_msgs:/home/mitzi/ws_ros2/install/mavlink:/home/mitzi/ros2_ws/install/simple_filter:/home/mitzi/ros2_ws/install/ros_environment:/home/mitzi/ros2_ws/install/robot_localization:/home/mitzi/ros2_ws/install/osrf_testing_tools_cpp:/home/mitzi/ros2_ws/install/neato2_gazebo:/home/mitzi/ros2_ws/install/neato2_interfaces:/home/mitzi/ros2_ws/install/fix_scan:/home/mitzi/ros2_ws/install/apriltag_ros:/home/mitzi/ros2_ws/install/apriltag_msgs:/home/mitzi/ros2_ws/install/apriltag:/home/mitzi/ros2_ws/install/warmup_project:/home/mitzi/ros2_ws/install/visual_odometry:/home/mitzi/ros2_ws/install/sample_node_architectures:/home/mitzi/ros2_ws/install/py_pysub:/home/mitzi/ros2_ws/install/osrf_pycommon:/home/mitzi/ros2_ws/install/neato_soccer:/home/mitzi/ros2_ws/install/neato_node2:/home/mitzi/ros2_ws/install/in_class_day04_solutions:/home/mitzi/ros2_ws/install/in_class_day03_solutions:/home/mitzi/ros2_ws/install/in_class_day03:/home/mitzi/ros2_ws/install/in_class_day02_solutions:/home/mitzi/ros2_ws/install/in_class_day02:/opt/ros/foxy:/opt/ros/noetic LD_LIBRARY_PATH=/home/mitzi/ws_ros2/install/libmavconn/lib:/home/mitzi/ws_ros2/install/mavros_msgs/lib:${LD_LIBRARY_PATH} PKG_CONFIG_PATH=/home/mitzi/ws_ros2/install/mavlink/lib/x86_64-linux-gnu/pkgconfig:/home/mitzi/ws_ros2/install/mavlink/lib/pkgconfig:${PKG_CONFIG_PATH} PYTHONPATH=/home/mitzi/ws_ros2/install/mavros_msgs/lib/python3.8/site-packages:${PYTHONPATH} /usr/bin/cmake --install /home/mitzi/ws_ros2/build/mavros
